Release 14.2 - xst P.28xd (nt64)
Copyright (c) 1995-2012 Xilinx, Inc.  All rights reserved.
--> Parameter TMPDIR set to xst/projnav.tmp


Total REAL time to Xst completion: 0.00 secs
Total CPU time to Xst completion: 0.54 secs
 
--> Parameter xsthdpdir set to xst


Total REAL time to Xst completion: 0.00 secs
Total CPU time to Xst completion: 0.55 secs
 
--> Reading design: ADDR_GEN_FSM.prj

TABLE OF CONTENTS
  1) Synthesis Options Summary
  2) HDL Parsing
  3) HDL Elaboration
  4) HDL Synthesis
       4.1) HDL Synthesis Report
  5) Advanced HDL Synthesis
       5.1) Advanced HDL Synthesis Report
  6) Low Level Synthesis
  7) Partition Report
  8) Design Summary
       8.1) Primitive and Black Box Usage
       8.2) Device utilization summary
       8.3) Partition Resource Summary
       8.4) Timing Report
            8.4.1) Clock Information
            8.4.2) Asynchronous Control Signals Information
            8.4.3) Timing Summary
            8.4.4) Timing Details
            8.4.5) Cross Clock Domains Report


=========================================================================
*                      Synthesis Options Summary                        *
=========================================================================
---- Source Parameters
Input File Name                    : "ADDR_GEN_FSM.prj"
Ignore Synthesis Constraint File   : NO

---- Target Parameters
Output File Name                   : "ADDR_GEN_FSM"
Output Format                      : NGC
Target Device                      : xc7vx485t-2-ffg1157

---- Source Options
Top Module Name                    : ADDR_GEN_FSM
Automatic FSM Extraction           : YES
FSM Encoding Algorithm             : Auto
Safe Implementation                : No
FSM Style                          : LUT
RAM Extraction                     : Yes
RAM Style                          : Auto
ROM Extraction                     : Yes
Shift Register Extraction          : YES
ROM Style                          : Auto
Resource Sharing                   : YES
Asynchronous To Synchronous        : NO
Shift Register Minimum Size        : 2
Use DSP Block                      : Auto
Automatic Register Balancing       : No

---- Target Options
LUT Combining                      : Auto
Reduce Control Sets                : Auto
Add IO Buffers                     : YES
Global Maximum Fanout              : 100000
Add Generic Clock Buffer(BUFG)     : 32
Register Duplication               : YES
Optimize Instantiated Primitives   : NO
Use Clock Enable                   : Auto
Use Synchronous Set                : Auto
Use Synchronous Reset              : Auto
Pack IO Registers into IOBs        : Auto
Equivalent register Removal        : YES

---- General Options
Optimization Goal                  : Speed
Optimization Effort                : 1
Power Reduction                    : NO
Keep Hierarchy                     : No
Netlist Hierarchy                  : As_Optimized
RTL Output                         : Yes
Global Optimization                : AllClockNets
Read Cores                         : YES
Write Timing Constraints           : NO
Cross Clock Analysis               : NO
Hierarchy Separator                : /
Bus Delimiter                      : <>
Case Specifier                     : Maintain
Slice Utilization Ratio            : 100
BRAM Utilization Ratio             : 100
DSP48 Utilization Ratio            : 100
Auto BRAM Packing                  : NO
Slice Utilization Ratio Delta      : 5

---- Other Options
Cores Search Directories           : {"ipcore_dir"  }

=========================================================================


=========================================================================
*                          HDL Parsing                                  *
=========================================================================
Parsing VHDL file "C:\Users\Taras\Documents\FPGA_current_work\BRAM_build\ipcore_dir\BRAM18x1k_synth.vhd" into library work
Parsing entity <BRAM18x1k>.
Parsing architecture <virtex7> of entity <bram18x1k>.
Parsing VHDL file "C:\Users\Taras\Documents\FPGA_current_work\BRAM_build\ADDR_GEN_FSM.vhd" into library work
Parsing entity <ADDR_GEN_FSM>.
Parsing architecture <Behavioral> of entity <addr_gen_fsm>.

=========================================================================
*                            HDL Elaboration                            *
=========================================================================

Elaborating entity <ADDR_GEN_FSM> (architecture <Behavioral>) with generics from library <work>.

=========================================================================
*                           HDL Synthesis                               *
=========================================================================

Synthesizing Unit <ADDR_GEN_FSM>.
    Related source file is "C:\Users\Taras\Documents\FPGA_current_work\BRAM_build\ADDR_GEN_FSM.vhd".
        ADDR_WIDTH = 10
        COLUMNS_TOTAL = 3
    Found 2-bit register for signal <i_row_cnt>.
    Found 2-bit register for signal <i_col_cnt>.
    Found 1-bit register for signal <OP_DONE>.
    Found 3-bit register for signal <next_state>.
    Found 2-bit register for signal <i>.
    Found 2-bit register for signal <j>.
    Found 2-bit register for signal <i_addr_cnt>.
    Found 1-bit register for signal <P_SHFT>.
    Found 1-bit register for signal <WE>.
    Found 3-bit register for signal <current_state>.
    Found 2-bit adder for signal <j[1]_GND_4_o_add_62_OUT> created at line 182.
    Found 3-bit adder for signal <n0125> created at line 204.
    Found 2-bit adder for signal <i_addr_cnt[1]_GND_4_o_add_79_OUT> created at line 209.
    Found 2-bit adder for signal <n0131> created at line 214.
    Found 3-bit adder for signal <n0124> created at line 215.
    Found 2-bit adder for signal <i[1]_GND_4_o_add_91_OUT> created at line 228.
    Found 2-bit subtractor for signal <GND_4_o_GND_4_o_sub_34_OUT<1:0>> created at line 138.
    Found 2-bit subtractor for signal <GND_4_o_GND_4_o_sub_43_OUT<1:0>> created at line 150.
    Summary:
	inferred   8 Adder/Subtractor(s).
	inferred  19 D-type flip-flop(s).
	inferred  48 Multiplexer(s).
Unit <ADDR_GEN_FSM> synthesized.

=========================================================================
HDL Synthesis Report

Macro Statistics
# Adders/Subtractors                                   : 8
 2-bit adder                                           : 4
 2-bit subtractor                                      : 2
 3-bit adder                                           : 2
# Registers                                            : 10
 1-bit register                                        : 3
 2-bit register                                        : 5
 3-bit register                                        : 2
# Multiplexers                                         : 48
 1-bit 2-to-1 multiplexer                              : 8
 2-bit 2-to-1 multiplexer                              : 35
 3-bit 2-to-1 multiplexer                              : 5

=========================================================================

=========================================================================
*                       Advanced HDL Synthesis                          *
=========================================================================


=========================================================================
Advanced HDL Synthesis Report

Macro Statistics
# Adders/Subtractors                                   : 8
 2-bit adder                                           : 4
 2-bit subtractor                                      : 2
 3-bit adder                                           : 2
# Registers                                            : 19
 Flip-Flops                                            : 19
# Multiplexers                                         : 49
 1-bit 2-to-1 multiplexer                              : 10
 2-bit 2-to-1 multiplexer                              : 34
 3-bit 2-to-1 multiplexer                              : 5

=========================================================================

=========================================================================
*                         Low Level Synthesis                           *
=========================================================================

Optimizing unit <ADDR_GEN_FSM> ...

Mapping all equations...
Building and optimizing final netlist ...
Found area constraint ratio of 100 (+ 5) on block ADDR_GEN_FSM, actual ratio is 0.

Final Macro Processing ...

=========================================================================
Final Register Report

Macro Statistics
# Registers                                            : 19
 Flip-Flops                                            : 19

=========================================================================

=========================================================================
*                           Partition Report                            *
=========================================================================

Partition Implementation Status
-------------------------------

  No Partitions were found in this design.

-------------------------------

=========================================================================
*                            Design Summary                             *
=========================================================================

Top Level Output File Name         : ADDR_GEN_FSM.ngc

Primitive and Black Box Usage:
------------------------------
# BELS                             : 41
#      GND                         : 1
#      LUT2                        : 2
#      LUT3                        : 3
#      LUT4                        : 2
#      LUT5                        : 12
#      LUT6                        : 18
#      MUXF7                       : 3
# FlipFlops/Latches                : 19
#      FD                          : 4
#      FDE                         : 12
#      FDR                         : 3
# Clock Buffers                    : 1
#      BUFGP                       : 1
# IO Buffers                       : 29
#      IBUF                        : 3
#      OBUF                        : 26

Device utilization summary:
---------------------------

Selected Device : 7vx485tffg1157-2 


Slice Logic Utilization: 
 Number of Slice Registers:              19  out of  607200     0%  
 Number of Slice LUTs:                   37  out of  303600     0%  
    Number used as Logic:                37  out of  303600     0%  

Slice Logic Distribution: 
 Number of LUT Flip Flop pairs used:     40
   Number with an unused Flip Flop:      21  out of     40    52%  
   Number with an unused LUT:             3  out of     40     7%  
   Number of fully used LUT-FF pairs:    16  out of     40    40%  
   Number of unique control sets:         7

IO Utilization: 
 Number of IOs:                          30
 Number of bonded IOBs:                  30  out of    600     5%  

Specific Feature Utilization:
 Number of BUFG/BUFGCTRLs:                1  out of     32     3%  

---------------------------
Partition Resource Summary:
---------------------------

  No Partitions were found in this design.

---------------------------


=========================================================================
Timing Report

NOTE: THESE TIMING NUMBERS ARE ONLY A SYNTHESIS ESTIMATE.
      FOR ACCURATE TIMING INFORMATION PLEASE REFER TO THE TRACE REPORT
      GENERATED AFTER PLACE-and-ROUTE.

Clock Information:
------------------
-----------------------------------+------------------------+-------+
Clock Signal                       | Clock buffer(FF name)  | Load  |
-----------------------------------+------------------------+-------+
CLK                                | BUFGP                  | 19    |
-----------------------------------+------------------------+-------+

Asynchronous Control Signals Information:
----------------------------------------
No asynchronous control signals found in this design

Timing Summary:
---------------
Speed Grade: -2

   Minimum period: 1.566ns (Maximum Frequency: 638.712MHz)
   Minimum input arrival time before clock: 1.592ns
   Maximum output required time after clock: 0.603ns
   Maximum combinational path delay: No path found

Timing Details:
---------------
All values displayed in nanoseconds (ns)

=========================================================================
Timing constraint: Default period analysis for Clock 'CLK'
  Clock period: 1.566ns (frequency: 638.712MHz)
  Total number of paths / destination ports: 199 / 31
-------------------------------------------------------------------------
Delay:               1.566ns (Levels of Logic = 3)
  Source:            i_1 (FF)
  Destination:       i_addr_cnt_1 (FF)
  Source Clock:      CLK rising
  Destination Clock: CLK rising

  Data Path: i_1 to i_addr_cnt_1
                                Gate     Net
    Cell:in->out      fanout   Delay   Delay  Logical Name (Net Name)
    ----------------------------------------  ------------
     FD:C->Q              14   0.236   0.477  i_1 (i_1)
     LUT2:I0->O            5   0.043   0.373  PWR_4_o_i[1]_equal_82_o<1>1 (PWR_4_o_i[1]_equal_82_o)
     LUT6:I5->O            1   0.043   0.350  Mmux_current_state[2]_i_addr_cnt[1]_wide_mux_105_OUT21 (Mmux_current_state[2]_i_addr_cnt[1]_wide_mux_105_OUT2)
     LUT5:I4->O            1   0.043   0.000  Mmux_current_state[2]_i_addr_cnt[1]_wide_mux_105_OUT24 (current_state[2]_i_addr_cnt[1]_wide_mux_105_OUT<1>)
     FDE:D                    -0.000          i_addr_cnt_1
    ----------------------------------------
    Total                      1.566ns (0.365ns logic, 1.201ns route)
                                       (23.3% logic, 76.7% route)

=========================================================================
Timing constraint: Default OFFSET IN BEFORE for Clock 'CLK'
  Total number of paths / destination ports: 22 / 13
-------------------------------------------------------------------------
Offset:              1.592ns (Levels of Logic = 4)
  Source:            G (PAD)
  Destination:       i_col_cnt_0 (FF)
  Destination Clock: CLK rising

  Data Path: G to i_col_cnt_0
                                Gate     Net
    Cell:in->out      fanout   Delay   Delay  Logical Name (Net Name)
    ----------------------------------------  ------------
     IBUF:I->O             8   0.000   0.444  G_IBUF (G_IBUF)
     LUT2:I0->O            1   0.043   0.613  Mmux_current_state[2]_i_col_cnt[1]_wide_mux_100_OUT23 (Mmux_current_state[2]_i_col_cnt[1]_wide_mux_100_OUT22)
     LUT6:I0->O            1   0.043   0.405  Mmux_current_state[2]_i_col_cnt[1]_wide_mux_100_OUT24_SW0 (N23)
     LUT6:I4->O            1   0.043   0.000  Mmux_current_state[2]_i_col_cnt[1]_wide_mux_100_OUT24 (current_state[2]_i_col_cnt[1]_wide_mux_100_OUT<0>)
     FDE:D                    -0.000          i_col_cnt_0
    ----------------------------------------
    Total                      1.592ns (0.129ns logic, 1.463ns route)
                                       (8.1% logic, 91.9% route)

=========================================================================
Timing constraint: Default OFFSET OUT AFTER for Clock 'CLK'
  Total number of paths / destination ports: 9 / 9
-------------------------------------------------------------------------
Offset:              0.603ns (Levels of Logic = 1)
  Source:            i_row_cnt_0 (FF)
  Destination:       G_ROW<0> (PAD)
  Source Clock:      CLK rising

  Data Path: i_row_cnt_0 to G_ROW<0>
                                Gate     Net
    Cell:in->out      fanout   Delay   Delay  Logical Name (Net Name)
    ----------------------------------------  ------------
     FDE:C->Q              6   0.236   0.367  i_row_cnt_0 (i_row_cnt_0)
     OBUF:I->O                 0.000          G_ROW_0_OBUF (G_ROW<0>)
    ----------------------------------------
    Total                      0.603ns (0.236ns logic, 0.367ns route)
                                       (39.1% logic, 60.9% route)

=========================================================================

Cross Clock Domains Report:
--------------------------

Clock to Setup on destination clock CLK
---------------+---------+---------+---------+---------+
               | Src:Rise| Src:Fall| Src:Rise| Src:Fall|
Source Clock   |Dest:Rise|Dest:Rise|Dest:Fall|Dest:Fall|
---------------+---------+---------+---------+---------+
CLK            |    1.566|         |         |         |
---------------+---------+---------+---------+---------+

=========================================================================


Total REAL time to Xst completion: 12.00 secs
Total CPU time to Xst completion: 12.71 secs
 
--> 

Total memory usage is 443792 kilobytes

Number of errors   :    0 (   0 filtered)
Number of warnings :    0 (   0 filtered)
Number of infos    :    0 (   0 filtered)

