ISim log file
Running: C:\FPGA\Internship Jobs\Codes\ETSE_GDSP\Matrix_for_RBM\TB_MEMARRAY_V5_isim_beh.exe -intstyle ise -gui -tclbatch isim.cmd -wdb C:/FPGA/Internship Jobs/Codes/ETSE_GDSP/Matrix_for_RBM/TB_MEMARRAY_V5_isim_beh.wdb 
ISim P.20131013 (signature 0x7708f090)
----------------------------------------------------------------------
WARNING:Security:42 - Your software subscription period has lapsed. Your current version of Xilinx tools will continue to function, but you no longer qualify for Xilinx software updates or new releases.


----------------------------------------------------------------------
This is a Full version of ISim.
Time resolution is 1 ps
# onerror resume
# wave add /
# run 2000 ns
Simulator is doing circuit initialization process.
at 0 ps: Note: COLS number: 3 (/tb_memarray_v5/).
at 0 ps: Note: ROWS number:3 (/tb_memarray_v5/).
at 0 ps: Note: The value of G11 = 1 (/tb_memarray_v5/).
at 0 ps, Instance /tb_memarray_v5/uut/FIRST_DSP/U0/ : Warning: NUMERIC_STD.TO_INTEGER: metavalue detected, returning 0
at 0 ps, Instance /tb_memarray_v5/uut/\block_a_dsp_gen(1)\/DSP/U0/ : Warning: NUMERIC_STD.TO_INTEGER: metavalue detected, returning 0
at 0 ps, Instance /tb_memarray_v5/uut/\block_a_dsp_gen(2)\/DSP/U0/ : Warning: NUMERIC_STD.TO_INTEGER: metavalue detected, returning 0
Finished circuit initialization process.
at 5 ns(1), Instance /tb_memarray_v5/uut/\block_a_mem_gen(0)\/MEMA/ : Warning: NUMERIC_STD.">": metavalue detected, returning FALSE
at 5 ns(1), Instance /tb_memarray_v5/uut/\block_a_mem_gen(0)\/MEMA/ : Warning: NUMERIC_STD.TO_INTEGER: metavalue detected, returning 0
at 5 ns(1), Instance /tb_memarray_v5/uut/\block_a_mem_gen(0)\/MEMA/BMG_PORT/U0/native_mem_module/mem_module/ : Warning: There is an 'U'|'X'|'W'|'Z'|'-' in an arithmetic operand, the result will be 'X'(es).
at 5 ns(1), Instance /tb_memarray_v5/uut/\block_a_mem_gen(0)\/MEMA/BMG_PORT/U0/native_mem_module/mem_module/ : Warning: CONV_INTEGER: There is an 'U'|'X'|'W'|'Z'|'-' in an arithmetic operand, and it has been converted to 0.
at 5 ns(1): Note: Block Memory Generator CORE Generator module is using a behavioral model FOR simulation which will not precisely model memory collision behavior. (/tb_memarray_v5/uut/\block_a_mem_gen(0)\/MEMA/BMG_PORT/U0/native_mem_module/mem_module/).
at 5 ns(1), Instance /tb_memarray_v5/uut/\block_a_mem_gen(0)\/MEMA/BMG_PORT/U0/native_mem_module/mem_module/ : Warning: CONV_INTEGER: There is an 'U'|'X'|'W'|'Z'|'-' in an arithmetic operand, and it has been converted to 0.
at 5 ns(1), Instance /tb_memarray_v5/uut/\block_a_mem_gen(0)\/MEMA/BMG_PORT/U0/native_mem_module/mem_module/ : Warning: CONV_INTEGER: There is an 'U'|'X'|'W'|'Z'|'-' in an arithmetic operand, and it has been converted to 0.
at 5 ns(1), Instance /tb_memarray_v5/uut/\block_a_mem_gen(0)\/MEMA/BMG_PORT/U0/native_mem_module/mem_module/ : Warning: CONV_INTEGER: There is an 'U'|'X'|'W'|'Z'|'-' in an arithmetic operand, and it has been converted to 0.
at 5 ns(1), Instance /tb_memarray_v5/uut/\block_a_mem_gen(1)\/MEMA/ : Warning: NUMERIC_STD.">": metavalue detected, returning FALSE
at 5 ns(1), Instance /tb_memarray_v5/uut/\block_a_mem_gen(1)\/MEMA/ : Warning: NUMERIC_STD.TO_INTEGER: metavalue detected, returning 0
at 5 ns(1), Instance /tb_memarray_v5/uut/\block_a_mem_gen(1)\/MEMA/BMG_PORT/U0/native_mem_module/mem_module/ : Warning: CONV_INTEGER: There is an 'U'|'X'|'W'|'Z'|'-' in an arithmetic operand, and it has been converted to 0.
at 5 ns(1): Note: Block Memory Generator CORE Generator module is using a behavioral model FOR simulation which will not precisely model memory collision behavior. (/tb_memarray_v5/uut/\block_a_mem_gen(1)\/MEMA/BMG_PORT/U0/native_mem_module/mem_module/).
at 5 ns(1), Instance /tb_memarray_v5/uut/\block_a_mem_gen(1)\/MEMA/BMG_PORT/U0/native_mem_module/mem_module/ : Warning: CONV_INTEGER: There is an 'U'|'X'|'W'|'Z'|'-' in an arithmetic operand, and it has been converted to 0.
at 5 ns(1), Instance /tb_memarray_v5/uut/\block_a_mem_gen(1)\/MEMA/BMG_PORT/U0/native_mem_module/mem_module/ : Warning: CONV_INTEGER: There is an 'U'|'X'|'W'|'Z'|'-' in an arithmetic operand, and it has been converted to 0.
at 5 ns(1), Instance /tb_memarray_v5/uut/\block_a_mem_gen(1)\/MEMA/BMG_PORT/U0/native_mem_module/mem_module/ : Warning: CONV_INTEGER: There is an 'U'|'X'|'W'|'Z'|'-' in an arithmetic operand, and it has been converted to 0.
at 5 ns(1), Instance /tb_memarray_v5/uut/\block_a_mem_gen(2)\/MEMA/ : Warning: NUMERIC_STD.">": metavalue detected, returning FALSE
at 5 ns(1), Instance /tb_memarray_v5/uut/\block_a_mem_gen(2)\/MEMA/ : Warning: NUMERIC_STD.TO_INTEGER: metavalue detected, returning 0
at 5 ns(1), Instance /tb_memarray_v5/uut/\block_a_mem_gen(2)\/MEMA/BMG_PORT/U0/native_mem_module/mem_module/ : Warning: CONV_INTEGER: There is an 'U'|'X'|'W'|'Z'|'-' in an arithmetic operand, and it has been converted to 0.
at 5 ns(1): Note: Block Memory Generator CORE Generator module is using a behavioral model FOR simulation which will not precisely model memory collision behavior. (/tb_memarray_v5/uut/\block_a_mem_gen(2)\/MEMA/BMG_PORT/U0/native_mem_module/mem_module/).
at 5 ns(1), Instance /tb_memarray_v5/uut/\block_a_mem_gen(2)\/MEMA/BMG_PORT/U0/native_mem_module/mem_module/ : Warning: CONV_INTEGER: There is an 'U'|'X'|'W'|'Z'|'-' in an arithmetic operand, and it has been converted to 0.
at 5 ns(1), Instance /tb_memarray_v5/uut/\block_a_mem_gen(2)\/MEMA/BMG_PORT/U0/native_mem_module/mem_module/ : Warning: CONV_INTEGER: There is an 'U'|'X'|'W'|'Z'|'-' in an arithmetic operand, and it has been converted to 0.
at 5 ns(1), Instance /tb_memarray_v5/uut/\block_a_mem_gen(2)\/MEMA/BMG_PORT/U0/native_mem_module/mem_module/ : Warning: CONV_INTEGER: There is an 'U'|'X'|'W'|'Z'|'-' in an arithmetic operand, and it has been converted to 0.
at 10 ns: Note: The value of G12 = 2 (/tb_memarray_v5/).
at 15 ns(1), Instance /tb_memarray_v5/uut/\block_a_mem_gen(0)\/MEMA/ : Warning: NUMERIC_STD.TO_INTEGER: metavalue detected, returning 0
at 15 ns(1), Instance /tb_memarray_v5/uut/\block_a_mem_gen(1)\/MEMA/ : Warning: NUMERIC_STD.TO_INTEGER: metavalue detected, returning 0
at 15 ns(1), Instance /tb_memarray_v5/uut/\block_a_mem_gen(2)\/MEMA/ : Warning: NUMERIC_STD.TO_INTEGER: metavalue detected, returning 0
at 20 ns: Note: The value of G13 = 3 (/tb_memarray_v5/).
at 25 ns(1), Instance /tb_memarray_v5/uut/\block_a_mem_gen(0)\/MEMA/ : Warning: NUMERIC_STD.TO_INTEGER: metavalue detected, returning 0
at 25 ns(1), Instance /tb_memarray_v5/uut/\block_a_mem_gen(1)\/MEMA/ : Warning: NUMERIC_STD.TO_INTEGER: metavalue detected, returning 0
at 25 ns(1), Instance /tb_memarray_v5/uut/\block_a_mem_gen(2)\/MEMA/ : Warning: NUMERIC_STD.TO_INTEGER: metavalue detected, returning 0
at 30 ns: Note: The value of G21 = 4 (/tb_memarray_v5/).
at 35 ns(1), Instance /tb_memarray_v5/uut/\block_a_mem_gen(0)\/MEMA/ : Warning: NUMERIC_STD.TO_INTEGER: metavalue detected, returning 0
at 35 ns(1), Instance /tb_memarray_v5/uut/\block_a_mem_gen(1)\/MEMA/ : Warning: NUMERIC_STD.TO_INTEGER: metavalue detected, returning 0
at 35 ns(1), Instance /tb_memarray_v5/uut/\block_a_mem_gen(2)\/MEMA/ : Warning: NUMERIC_STD.TO_INTEGER: metavalue detected, returning 0
at 40 ns: Note: The value of G22 = 5 (/tb_memarray_v5/).
at 45 ns(1), Instance /tb_memarray_v5/uut/\block_a_mem_gen(0)\/MEMA/ : Warning: NUMERIC_STD.TO_INTEGER: metavalue detected, returning 0
at 45 ns(1), Instance /tb_memarray_v5/uut/\block_a_mem_gen(1)\/MEMA/ : Warning: NUMERIC_STD.TO_INTEGER: metavalue detected, returning 0
at 45 ns(1), Instance /tb_memarray_v5/uut/\block_a_mem_gen(2)\/MEMA/ : Warning: NUMERIC_STD.TO_INTEGER: metavalue detected, returning 0
at 50 ns: Note: The value of G23 = 6 (/tb_memarray_v5/).
at 55 ns(1), Instance /tb_memarray_v5/uut/\block_a_mem_gen(0)\/MEMA/ : Warning: NUMERIC_STD.TO_INTEGER: metavalue detected, returning 0
at 55 ns(1), Instance /tb_memarray_v5/uut/\block_a_mem_gen(1)\/MEMA/ : Warning: NUMERIC_STD.TO_INTEGER: metavalue detected, returning 0
at 55 ns(1), Instance /tb_memarray_v5/uut/\block_a_mem_gen(2)\/MEMA/ : Warning: NUMERIC_STD.TO_INTEGER: metavalue detected, returning 0
at 60 ns: Note: The value of G31 = 7 (/tb_memarray_v5/).
at 65 ns(1), Instance /tb_memarray_v5/uut/\block_a_mem_gen(0)\/MEMA/ : Warning: NUMERIC_STD.TO_INTEGER: metavalue detected, returning 0
at 65 ns(1), Instance /tb_memarray_v5/uut/\block_a_mem_gen(1)\/MEMA/ : Warning: NUMERIC_STD.TO_INTEGER: metavalue detected, returning 0
at 65 ns(1), Instance /tb_memarray_v5/uut/\block_a_mem_gen(2)\/MEMA/ : Warning: NUMERIC_STD.TO_INTEGER: metavalue detected, returning 0
at 70 ns: Note: The value of G32 = 8 (/tb_memarray_v5/).
at 75 ns(1), Instance /tb_memarray_v5/uut/\block_a_mem_gen(0)\/MEMA/ : Warning: NUMERIC_STD.TO_INTEGER: metavalue detected, returning 0
at 75 ns(1), Instance /tb_memarray_v5/uut/\block_a_mem_gen(1)\/MEMA/ : Warning: NUMERIC_STD.TO_INTEGER: metavalue detected, returning 0
at 75 ns(1), Instance /tb_memarray_v5/uut/\block_a_mem_gen(2)\/MEMA/ : Warning: NUMERIC_STD.TO_INTEGER: metavalue detected, returning 0
at 80 ns: Note: The value of G33 = 9 (/tb_memarray_v5/).
at 85 ns(1), Instance /tb_memarray_v5/uut/\block_a_mem_gen(0)\/MEMA/ : Warning: NUMERIC_STD.TO_INTEGER: metavalue detected, returning 0
at 85 ns(1), Instance /tb_memarray_v5/uut/\block_a_mem_gen(1)\/MEMA/ : Warning: NUMERIC_STD.TO_INTEGER: metavalue detected, returning 0
at 85 ns(1), Instance /tb_memarray_v5/uut/\block_a_mem_gen(2)\/MEMA/ : Warning: NUMERIC_STD.TO_INTEGER: metavalue detected, returning 0
at 165 ns(2): Note: The value of P11 = 1 (/tb_memarray_v5/).
at 175 ns: Note: The value of P12 = 2 (/tb_memarray_v5/).
at 185 ns: Note: The value of P13 = 3 (/tb_memarray_v5/).
at 195 ns: Note: The value of P21 = 4 (/tb_memarray_v5/).
at 205 ns: Note: The value of P22 = 5 (/tb_memarray_v5/).
at 215 ns: Note: The value of P23 = 6 (/tb_memarray_v5/).
at 225 ns: Note: The value of P31 = 7 (/tb_memarray_v5/).
at 235 ns: Note: The value of P32 = 8 (/tb_memarray_v5/).
at 245 ns: Note: The value of P33 = 9 (/tb_memarray_v5/).
---------------BEGINNING OF SECTION (See end of Section for details)---------------
         1         2         3
         6         4         5
         8         9         7
--------------- Data loaded into BRAM. 20 clock cycles to load,19 clock cycles to unload---------------
 
---------------BEGINNING OF SECTION (See end of Section for details)---------------
        14        32        50
       122       194        50
       122        32        77
--------------- result of PGt from upper bank of BRAM. 19 clock cycles to finish multiplication, 19 clock cycles to unload---------------
 
---------------BEGINNING OF SECTION (See end of Section for details)---------------
       228       552       876
      1938      3072       804
      1974       516      1245
--------------- result of PGt * Gt from upper bank of BRAM. 19 clock cycles to finish multiplication, 19 clock cycles to unload---------------
 
at 1585 ns(2): Note: The value of P11 = 1 (/tb_memarray_v5/).
at 1595 ns: Note: The value of P12 = 2 (/tb_memarray_v5/).
at 1605 ns: Note: The value of P13 = 3 (/tb_memarray_v5/).
at 1615 ns: Note: The value of P21 = 4 (/tb_memarray_v5/).
at 1625 ns: Note: The value of P22 = 5 (/tb_memarray_v5/).
at 1635 ns: Note: The value of P23 = 6 (/tb_memarray_v5/).
at 1645 ns: Note: The value of P31 = 7 (/tb_memarray_v5/).
at 1655 ns: Note: The value of P32 = 8 (/tb_memarray_v5/).
at 1665 ns: Note: The value of P33 = 9 (/tb_memarray_v5/).
---------------BEGINNING OF SECTION (See end of Section for details)---------------
         0         0         0
         0         0         0
         0         0         0
--------------- Data loaded into BRAM. 20 clock cycles to load,19 clock cycles to unload---------------
 
ISim P.20131013 (signature 0x7708f090)
----------------------------------------------------------------------
WARNING:Security:42 - Your software subscription period has lapsed. Your current version of Xilinx tools will continue to function, but you no longer qualify for Xilinx software updates or new releases.


----------------------------------------------------------------------
This is a Full version of ISim.
# run 2000 ns
Simulator is doing circuit initialization process.
at 0 ps: Note: COLS number: 3 (/tb_memarray_v5/).
at 0 ps: Note: ROWS number:3 (/tb_memarray_v5/).
at 0 ps: Note: The value of G11 = 1 (/tb_memarray_v5/).
at 0 ps, Instance /tb_memarray_v5/uut/FIRST_DSP/U0/ : Warning: NUMERIC_STD.TO_INTEGER: metavalue detected, returning 0
at 0 ps, Instance /tb_memarray_v5/uut/\block_a_dsp_gen(1)\/DSP/U0/ : Warning: NUMERIC_STD.TO_INTEGER: metavalue detected, returning 0
at 0 ps, Instance /tb_memarray_v5/uut/\block_a_dsp_gen(2)\/DSP/U0/ : Warning: NUMERIC_STD.TO_INTEGER: metavalue detected, returning 0
Finished circuit initialization process.
at 5 ns(1), Instance /tb_memarray_v5/uut/\block_a_mem_gen(0)\/MEMA/ : Warning: NUMERIC_STD.">": metavalue detected, returning FALSE
at 5 ns(1), Instance /tb_memarray_v5/uut/\block_a_mem_gen(0)\/MEMA/ : Warning: NUMERIC_STD.TO_INTEGER: metavalue detected, returning 0
at 5 ns(1), Instance /tb_memarray_v5/uut/\block_a_mem_gen(0)\/MEMA/BMG_PORT/U0/native_mem_module/mem_module/ : Warning: There is an 'U'|'X'|'W'|'Z'|'-' in an arithmetic operand, the result will be 'X'(es).
at 5 ns(1), Instance /tb_memarray_v5/uut/\block_a_mem_gen(0)\/MEMA/BMG_PORT/U0/native_mem_module/mem_module/ : Warning: CONV_INTEGER: There is an 'U'|'X'|'W'|'Z'|'-' in an arithmetic operand, and it has been converted to 0.
at 5 ns(1): Note: Block Memory Generator CORE Generator module is using a behavioral model FOR simulation which will not precisely model memory collision behavior. (/tb_memarray_v5/uut/\block_a_mem_gen(0)\/MEMA/BMG_PORT/U0/native_mem_module/mem_module/).
at 5 ns(1), Instance /tb_memarray_v5/uut/\block_a_mem_gen(0)\/MEMA/BMG_PORT/U0/native_mem_module/mem_module/ : Warning: CONV_INTEGER: There is an 'U'|'X'|'W'|'Z'|'-' in an arithmetic operand, and it has been converted to 0.
at 5 ns(1), Instance /tb_memarray_v5/uut/\block_a_mem_gen(0)\/MEMA/BMG_PORT/U0/native_mem_module/mem_module/ : Warning: CONV_INTEGER: There is an 'U'|'X'|'W'|'Z'|'-' in an arithmetic operand, and it has been converted to 0.
at 5 ns(1), Instance /tb_memarray_v5/uut/\block_a_mem_gen(0)\/MEMA/BMG_PORT/U0/native_mem_module/mem_module/ : Warning: CONV_INTEGER: There is an 'U'|'X'|'W'|'Z'|'-' in an arithmetic operand, and it has been converted to 0.
at 5 ns(1), Instance /tb_memarray_v5/uut/\block_a_mem_gen(1)\/MEMA/ : Warning: NUMERIC_STD.">": metavalue detected, returning FALSE
at 5 ns(1), Instance /tb_memarray_v5/uut/\block_a_mem_gen(1)\/MEMA/ : Warning: NUMERIC_STD.TO_INTEGER: metavalue detected, returning 0
at 5 ns(1), Instance /tb_memarray_v5/uut/\block_a_mem_gen(1)\/MEMA/BMG_PORT/U0/native_mem_module/mem_module/ : Warning: CONV_INTEGER: There is an 'U'|'X'|'W'|'Z'|'-' in an arithmetic operand, and it has been converted to 0.
at 5 ns(1): Note: Block Memory Generator CORE Generator module is using a behavioral model FOR simulation which will not precisely model memory collision behavior. (/tb_memarray_v5/uut/\block_a_mem_gen(1)\/MEMA/BMG_PORT/U0/native_mem_module/mem_module/).
at 5 ns(1), Instance /tb_memarray_v5/uut/\block_a_mem_gen(1)\/MEMA/BMG_PORT/U0/native_mem_module/mem_module/ : Warning: CONV_INTEGER: There is an 'U'|'X'|'W'|'Z'|'-' in an arithmetic operand, and it has been converted to 0.
at 5 ns(1), Instance /tb_memarray_v5/uut/\block_a_mem_gen(1)\/MEMA/BMG_PORT/U0/native_mem_module/mem_module/ : Warning: CONV_INTEGER: There is an 'U'|'X'|'W'|'Z'|'-' in an arithmetic operand, and it has been converted to 0.
at 5 ns(1), Instance /tb_memarray_v5/uut/\block_a_mem_gen(1)\/MEMA/BMG_PORT/U0/native_mem_module/mem_module/ : Warning: CONV_INTEGER: There is an 'U'|'X'|'W'|'Z'|'-' in an arithmetic operand, and it has been converted to 0.
at 5 ns(1), Instance /tb_memarray_v5/uut/\block_a_mem_gen(2)\/MEMA/ : Warning: NUMERIC_STD.">": metavalue detected, returning FALSE
at 5 ns(1), Instance /tb_memarray_v5/uut/\block_a_mem_gen(2)\/MEMA/ : Warning: NUMERIC_STD.TO_INTEGER: metavalue detected, returning 0
at 5 ns(1), Instance /tb_memarray_v5/uut/\block_a_mem_gen(2)\/MEMA/BMG_PORT/U0/native_mem_module/mem_module/ : Warning: CONV_INTEGER: There is an 'U'|'X'|'W'|'Z'|'-' in an arithmetic operand, and it has been converted to 0.
at 5 ns(1): Note: Block Memory Generator CORE Generator module is using a behavioral model FOR simulation which will not precisely model memory collision behavior. (/tb_memarray_v5/uut/\block_a_mem_gen(2)\/MEMA/BMG_PORT/U0/native_mem_module/mem_module/).
at 5 ns(1), Instance /tb_memarray_v5/uut/\block_a_mem_gen(2)\/MEMA/BMG_PORT/U0/native_mem_module/mem_module/ : Warning: CONV_INTEGER: There is an 'U'|'X'|'W'|'Z'|'-' in an arithmetic operand, and it has been converted to 0.
at 5 ns(1), Instance /tb_memarray_v5/uut/\block_a_mem_gen(2)\/MEMA/BMG_PORT/U0/native_mem_module/mem_module/ : Warning: CONV_INTEGER: There is an 'U'|'X'|'W'|'Z'|'-' in an arithmetic operand, and it has been converted to 0.
at 5 ns(1), Instance /tb_memarray_v5/uut/\block_a_mem_gen(2)\/MEMA/BMG_PORT/U0/native_mem_module/mem_module/ : Warning: CONV_INTEGER: There is an 'U'|'X'|'W'|'Z'|'-' in an arithmetic operand, and it has been converted to 0.
at 10 ns: Note: The value of G12 = 2 (/tb_memarray_v5/).
at 15 ns(1), Instance /tb_memarray_v5/uut/\block_a_mem_gen(0)\/MEMA/ : Warning: NUMERIC_STD.TO_INTEGER: metavalue detected, returning 0
at 15 ns(1), Instance /tb_memarray_v5/uut/\block_a_mem_gen(1)\/MEMA/ : Warning: NUMERIC_STD.TO_INTEGER: metavalue detected, returning 0
at 15 ns(1), Instance /tb_memarray_v5/uut/\block_a_mem_gen(2)\/MEMA/ : Warning: NUMERIC_STD.TO_INTEGER: metavalue detected, returning 0
at 20 ns: Note: The value of G13 = 3 (/tb_memarray_v5/).
at 25 ns(1), Instance /tb_memarray_v5/uut/\block_a_mem_gen(0)\/MEMA/ : Warning: NUMERIC_STD.TO_INTEGER: metavalue detected, returning 0
at 25 ns(1), Instance /tb_memarray_v5/uut/\block_a_mem_gen(1)\/MEMA/ : Warning: NUMERIC_STD.TO_INTEGER: metavalue detected, returning 0
at 25 ns(1), Instance /tb_memarray_v5/uut/\block_a_mem_gen(2)\/MEMA/ : Warning: NUMERIC_STD.TO_INTEGER: metavalue detected, returning 0
at 30 ns: Note: The value of G21 = 4 (/tb_memarray_v5/).
at 35 ns(1), Instance /tb_memarray_v5/uut/\block_a_mem_gen(0)\/MEMA/ : Warning: NUMERIC_STD.TO_INTEGER: metavalue detected, returning 0
at 35 ns(1), Instance /tb_memarray_v5/uut/\block_a_mem_gen(1)\/MEMA/ : Warning: NUMERIC_STD.TO_INTEGER: metavalue detected, returning 0
at 35 ns(1), Instance /tb_memarray_v5/uut/\block_a_mem_gen(2)\/MEMA/ : Warning: NUMERIC_STD.TO_INTEGER: metavalue detected, returning 0
at 40 ns: Note: The value of G22 = 5 (/tb_memarray_v5/).
at 45 ns(1), Instance /tb_memarray_v5/uut/\block_a_mem_gen(0)\/MEMA/ : Warning: NUMERIC_STD.TO_INTEGER: metavalue detected, returning 0
at 45 ns(1), Instance /tb_memarray_v5/uut/\block_a_mem_gen(1)\/MEMA/ : Warning: NUMERIC_STD.TO_INTEGER: metavalue detected, returning 0
at 45 ns(1), Instance /tb_memarray_v5/uut/\block_a_mem_gen(2)\/MEMA/ : Warning: NUMERIC_STD.TO_INTEGER: metavalue detected, returning 0
at 50 ns: Note: The value of G23 = 6 (/tb_memarray_v5/).
at 55 ns(1), Instance /tb_memarray_v5/uut/\block_a_mem_gen(0)\/MEMA/ : Warning: NUMERIC_STD.TO_INTEGER: metavalue detected, returning 0
at 55 ns(1), Instance /tb_memarray_v5/uut/\block_a_mem_gen(1)\/MEMA/ : Warning: NUMERIC_STD.TO_INTEGER: metavalue detected, returning 0
at 55 ns(1), Instance /tb_memarray_v5/uut/\block_a_mem_gen(2)\/MEMA/ : Warning: NUMERIC_STD.TO_INTEGER: metavalue detected, returning 0
at 60 ns: Note: The value of G31 = 7 (/tb_memarray_v5/).
at 65 ns(1), Instance /tb_memarray_v5/uut/\block_a_mem_gen(0)\/MEMA/ : Warning: NUMERIC_STD.TO_INTEGER: metavalue detected, returning 0
at 65 ns(1), Instance /tb_memarray_v5/uut/\block_a_mem_gen(1)\/MEMA/ : Warning: NUMERIC_STD.TO_INTEGER: metavalue detected, returning 0
at 65 ns(1), Instance /tb_memarray_v5/uut/\block_a_mem_gen(2)\/MEMA/ : Warning: NUMERIC_STD.TO_INTEGER: metavalue detected, returning 0
at 70 ns: Note: The value of G32 = 8 (/tb_memarray_v5/).
at 75 ns(1), Instance /tb_memarray_v5/uut/\block_a_mem_gen(0)\/MEMA/ : Warning: NUMERIC_STD.TO_INTEGER: metavalue detected, returning 0
at 75 ns(1), Instance /tb_memarray_v5/uut/\block_a_mem_gen(1)\/MEMA/ : Warning: NUMERIC_STD.TO_INTEGER: metavalue detected, returning 0
at 75 ns(1), Instance /tb_memarray_v5/uut/\block_a_mem_gen(2)\/MEMA/ : Warning: NUMERIC_STD.TO_INTEGER: metavalue detected, returning 0
at 80 ns: Note: The value of G33 = 9 (/tb_memarray_v5/).
at 85 ns(1), Instance /tb_memarray_v5/uut/\block_a_mem_gen(0)\/MEMA/ : Warning: NUMERIC_STD.TO_INTEGER: metavalue detected, returning 0
at 85 ns(1), Instance /tb_memarray_v5/uut/\block_a_mem_gen(1)\/MEMA/ : Warning: NUMERIC_STD.TO_INTEGER: metavalue detected, returning 0
at 85 ns(1), Instance /tb_memarray_v5/uut/\block_a_mem_gen(2)\/MEMA/ : Warning: NUMERIC_STD.TO_INTEGER: metavalue detected, returning 0
at 165 ns(2): Note: The value of P11 = 1 (/tb_memarray_v5/).
at 175 ns: Note: The value of P12 = 2 (/tb_memarray_v5/).
at 185 ns: Note: The value of P13 = 3 (/tb_memarray_v5/).
at 195 ns: Note: The value of P21 = 4 (/tb_memarray_v5/).
at 205 ns: Note: The value of P22 = 5 (/tb_memarray_v5/).
at 215 ns: Note: The value of P23 = 6 (/tb_memarray_v5/).
at 225 ns: Note: The value of P31 = 7 (/tb_memarray_v5/).
at 235 ns: Note: The value of P32 = 8 (/tb_memarray_v5/).
at 245 ns: Note: The value of P33 = 9 (/tb_memarray_v5/).
---------------BEGINNING OF SECTION (See end of Section for details)---------------
         1         2         3
         6         4         5
         8         9         7
--------------- Data loaded into BRAM. 20 clock cycles to load,19 clock cycles to unload---------------
 
---------------BEGINNING OF SECTION (See end of Section for details)---------------
        14        32        50
       122       194        50
       122        32        77
--------------- result of PGt from upper bank of BRAM. 19 clock cycles to finish multiplication, 19 clock cycles to unload---------------
 
---------------BEGINNING OF SECTION (See end of Section for details)---------------
       228       552       876
      1938      3072       804
      1974       516      1245
--------------- result of PGt * Gt from upper bank of BRAM. 19 clock cycles to finish multiplication, 19 clock cycles to unload---------------
 
at 1585 ns(2): Note: The value of P11 = 1 (/tb_memarray_v5/).
at 1595 ns: Note: The value of P12 = 2 (/tb_memarray_v5/).
at 1605 ns: Note: The value of P13 = 3 (/tb_memarray_v5/).
at 1615 ns: Note: The value of P21 = 4 (/tb_memarray_v5/).
at 1625 ns: Note: The value of P22 = 5 (/tb_memarray_v5/).
at 1635 ns: Note: The value of P23 = 6 (/tb_memarray_v5/).
at 1645 ns: Note: The value of P31 = 7 (/tb_memarray_v5/).
at 1655 ns: Note: The value of P32 = 8 (/tb_memarray_v5/).
at 1665 ns: Note: The value of P33 = 9 (/tb_memarray_v5/).
---------------BEGINNING OF SECTION (See end of Section for details)---------------
         0         0         0
         0         0         0
         0         0         0
--------------- Data loaded into BRAM. 20 clock cycles to load,19 clock cycles to unload---------------
 
ISim P.20131013 (signature 0x7708f090)
----------------------------------------------------------------------
WARNING:Security:42 - Your software subscription period has lapsed. Your current version of Xilinx tools will continue to function, but you no longer qualify for Xilinx software updates or new releases.


----------------------------------------------------------------------
This is a Full version of ISim.
# run 2000 ns
Simulator is doing circuit initialization process.
at 0 ps: Note: COLS number: 3 (/tb_memarray_v5/).
at 0 ps: Note: ROWS number:3 (/tb_memarray_v5/).
at 0 ps: Note: The value of G11 = 1 (/tb_memarray_v5/).
at 0 ps, Instance /tb_memarray_v5/uut/FIRST_DSP/U0/ : Warning: NUMERIC_STD.TO_INTEGER: metavalue detected, returning 0
at 0 ps, Instance /tb_memarray_v5/uut/\block_a_dsp_gen(1)\/DSP/U0/ : Warning: NUMERIC_STD.TO_INTEGER: metavalue detected, returning 0
at 0 ps, Instance /tb_memarray_v5/uut/\block_a_dsp_gen(2)\/DSP/U0/ : Warning: NUMERIC_STD.TO_INTEGER: metavalue detected, returning 0
Finished circuit initialization process.
at 5 ns(1), Instance /tb_memarray_v5/uut/\block_a_mem_gen(0)\/MEMA/ : Warning: NUMERIC_STD.">": metavalue detected, returning FALSE
at 5 ns(1), Instance /tb_memarray_v5/uut/\block_a_mem_gen(0)\/MEMA/ : Warning: NUMERIC_STD.TO_INTEGER: metavalue detected, returning 0
at 5 ns(1), Instance /tb_memarray_v5/uut/\block_a_mem_gen(0)\/MEMA/BMG_PORT/U0/native_mem_module/mem_module/ : Warning: There is an 'U'|'X'|'W'|'Z'|'-' in an arithmetic operand, the result will be 'X'(es).
at 5 ns(1), Instance /tb_memarray_v5/uut/\block_a_mem_gen(0)\/MEMA/BMG_PORT/U0/native_mem_module/mem_module/ : Warning: CONV_INTEGER: There is an 'U'|'X'|'W'|'Z'|'-' in an arithmetic operand, and it has been converted to 0.
at 5 ns(1): Note: Block Memory Generator CORE Generator module is using a behavioral model FOR simulation which will not precisely model memory collision behavior. (/tb_memarray_v5/uut/\block_a_mem_gen(0)\/MEMA/BMG_PORT/U0/native_mem_module/mem_module/).
at 5 ns(1), Instance /tb_memarray_v5/uut/\block_a_mem_gen(0)\/MEMA/BMG_PORT/U0/native_mem_module/mem_module/ : Warning: CONV_INTEGER: There is an 'U'|'X'|'W'|'Z'|'-' in an arithmetic operand, and it has been converted to 0.
at 5 ns(1), Instance /tb_memarray_v5/uut/\block_a_mem_gen(0)\/MEMA/BMG_PORT/U0/native_mem_module/mem_module/ : Warning: CONV_INTEGER: There is an 'U'|'X'|'W'|'Z'|'-' in an arithmetic operand, and it has been converted to 0.
at 5 ns(1), Instance /tb_memarray_v5/uut/\block_a_mem_gen(0)\/MEMA/BMG_PORT/U0/native_mem_module/mem_module/ : Warning: CONV_INTEGER: There is an 'U'|'X'|'W'|'Z'|'-' in an arithmetic operand, and it has been converted to 0.
at 5 ns(1), Instance /tb_memarray_v5/uut/\block_a_mem_gen(1)\/MEMA/ : Warning: NUMERIC_STD.">": metavalue detected, returning FALSE
at 5 ns(1), Instance /tb_memarray_v5/uut/\block_a_mem_gen(1)\/MEMA/ : Warning: NUMERIC_STD.TO_INTEGER: metavalue detected, returning 0
at 5 ns(1), Instance /tb_memarray_v5/uut/\block_a_mem_gen(1)\/MEMA/BMG_PORT/U0/native_mem_module/mem_module/ : Warning: CONV_INTEGER: There is an 'U'|'X'|'W'|'Z'|'-' in an arithmetic operand, and it has been converted to 0.
at 5 ns(1): Note: Block Memory Generator CORE Generator module is using a behavioral model FOR simulation which will not precisely model memory collision behavior. (/tb_memarray_v5/uut/\block_a_mem_gen(1)\/MEMA/BMG_PORT/U0/native_mem_module/mem_module/).
at 5 ns(1), Instance /tb_memarray_v5/uut/\block_a_mem_gen(1)\/MEMA/BMG_PORT/U0/native_mem_module/mem_module/ : Warning: CONV_INTEGER: There is an 'U'|'X'|'W'|'Z'|'-' in an arithmetic operand, and it has been converted to 0.
at 5 ns(1), Instance /tb_memarray_v5/uut/\block_a_mem_gen(1)\/MEMA/BMG_PORT/U0/native_mem_module/mem_module/ : Warning: CONV_INTEGER: There is an 'U'|'X'|'W'|'Z'|'-' in an arithmetic operand, and it has been converted to 0.
at 5 ns(1), Instance /tb_memarray_v5/uut/\block_a_mem_gen(1)\/MEMA/BMG_PORT/U0/native_mem_module/mem_module/ : Warning: CONV_INTEGER: There is an 'U'|'X'|'W'|'Z'|'-' in an arithmetic operand, and it has been converted to 0.
at 5 ns(1), Instance /tb_memarray_v5/uut/\block_a_mem_gen(2)\/MEMA/ : Warning: NUMERIC_STD.">": metavalue detected, returning FALSE
at 5 ns(1), Instance /tb_memarray_v5/uut/\block_a_mem_gen(2)\/MEMA/ : Warning: NUMERIC_STD.TO_INTEGER: metavalue detected, returning 0
at 5 ns(1), Instance /tb_memarray_v5/uut/\block_a_mem_gen(2)\/MEMA/BMG_PORT/U0/native_mem_module/mem_module/ : Warning: CONV_INTEGER: There is an 'U'|'X'|'W'|'Z'|'-' in an arithmetic operand, and it has been converted to 0.
at 5 ns(1): Note: Block Memory Generator CORE Generator module is using a behavioral model FOR simulation which will not precisely model memory collision behavior. (/tb_memarray_v5/uut/\block_a_mem_gen(2)\/MEMA/BMG_PORT/U0/native_mem_module/mem_module/).
at 5 ns(1), Instance /tb_memarray_v5/uut/\block_a_mem_gen(2)\/MEMA/BMG_PORT/U0/native_mem_module/mem_module/ : Warning: CONV_INTEGER: There is an 'U'|'X'|'W'|'Z'|'-' in an arithmetic operand, and it has been converted to 0.
at 5 ns(1), Instance /tb_memarray_v5/uut/\block_a_mem_gen(2)\/MEMA/BMG_PORT/U0/native_mem_module/mem_module/ : Warning: CONV_INTEGER: There is an 'U'|'X'|'W'|'Z'|'-' in an arithmetic operand, and it has been converted to 0.
at 5 ns(1), Instance /tb_memarray_v5/uut/\block_a_mem_gen(2)\/MEMA/BMG_PORT/U0/native_mem_module/mem_module/ : Warning: CONV_INTEGER: There is an 'U'|'X'|'W'|'Z'|'-' in an arithmetic operand, and it has been converted to 0.
at 10 ns: Note: The value of G12 = 2 (/tb_memarray_v5/).
at 15 ns(1), Instance /tb_memarray_v5/uut/\block_a_mem_gen(0)\/MEMA/ : Warning: NUMERIC_STD.TO_INTEGER: metavalue detected, returning 0
at 15 ns(1), Instance /tb_memarray_v5/uut/\block_a_mem_gen(1)\/MEMA/ : Warning: NUMERIC_STD.TO_INTEGER: metavalue detected, returning 0
at 15 ns(1), Instance /tb_memarray_v5/uut/\block_a_mem_gen(2)\/MEMA/ : Warning: NUMERIC_STD.TO_INTEGER: metavalue detected, returning 0
at 20 ns: Note: The value of G13 = 3 (/tb_memarray_v5/).
at 25 ns(1), Instance /tb_memarray_v5/uut/\block_a_mem_gen(0)\/MEMA/ : Warning: NUMERIC_STD.TO_INTEGER: metavalue detected, returning 0
at 25 ns(1), Instance /tb_memarray_v5/uut/\block_a_mem_gen(1)\/MEMA/ : Warning: NUMERIC_STD.TO_INTEGER: metavalue detected, returning 0
at 25 ns(1), Instance /tb_memarray_v5/uut/\block_a_mem_gen(2)\/MEMA/ : Warning: NUMERIC_STD.TO_INTEGER: metavalue detected, returning 0
at 30 ns: Note: The value of G21 = 4 (/tb_memarray_v5/).
at 35 ns(1), Instance /tb_memarray_v5/uut/\block_a_mem_gen(0)\/MEMA/ : Warning: NUMERIC_STD.TO_INTEGER: metavalue detected, returning 0
at 35 ns(1), Instance /tb_memarray_v5/uut/\block_a_mem_gen(1)\/MEMA/ : Warning: NUMERIC_STD.TO_INTEGER: metavalue detected, returning 0
at 35 ns(1), Instance /tb_memarray_v5/uut/\block_a_mem_gen(2)\/MEMA/ : Warning: NUMERIC_STD.TO_INTEGER: metavalue detected, returning 0
at 40 ns: Note: The value of G22 = 5 (/tb_memarray_v5/).
at 45 ns(1), Instance /tb_memarray_v5/uut/\block_a_mem_gen(0)\/MEMA/ : Warning: NUMERIC_STD.TO_INTEGER: metavalue detected, returning 0
at 45 ns(1), Instance /tb_memarray_v5/uut/\block_a_mem_gen(1)\/MEMA/ : Warning: NUMERIC_STD.TO_INTEGER: metavalue detected, returning 0
at 45 ns(1), Instance /tb_memarray_v5/uut/\block_a_mem_gen(2)\/MEMA/ : Warning: NUMERIC_STD.TO_INTEGER: metavalue detected, returning 0
at 50 ns: Note: The value of G23 = 6 (/tb_memarray_v5/).
at 55 ns(1), Instance /tb_memarray_v5/uut/\block_a_mem_gen(0)\/MEMA/ : Warning: NUMERIC_STD.TO_INTEGER: metavalue detected, returning 0
at 55 ns(1), Instance /tb_memarray_v5/uut/\block_a_mem_gen(1)\/MEMA/ : Warning: NUMERIC_STD.TO_INTEGER: metavalue detected, returning 0
at 55 ns(1), Instance /tb_memarray_v5/uut/\block_a_mem_gen(2)\/MEMA/ : Warning: NUMERIC_STD.TO_INTEGER: metavalue detected, returning 0
at 60 ns: Note: The value of G31 = 7 (/tb_memarray_v5/).
at 65 ns(1), Instance /tb_memarray_v5/uut/\block_a_mem_gen(0)\/MEMA/ : Warning: NUMERIC_STD.TO_INTEGER: metavalue detected, returning 0
at 65 ns(1), Instance /tb_memarray_v5/uut/\block_a_mem_gen(1)\/MEMA/ : Warning: NUMERIC_STD.TO_INTEGER: metavalue detected, returning 0
at 65 ns(1), Instance /tb_memarray_v5/uut/\block_a_mem_gen(2)\/MEMA/ : Warning: NUMERIC_STD.TO_INTEGER: metavalue detected, returning 0
at 70 ns: Note: The value of G32 = 8 (/tb_memarray_v5/).
at 75 ns(1), Instance /tb_memarray_v5/uut/\block_a_mem_gen(0)\/MEMA/ : Warning: NUMERIC_STD.TO_INTEGER: metavalue detected, returning 0
at 75 ns(1), Instance /tb_memarray_v5/uut/\block_a_mem_gen(1)\/MEMA/ : Warning: NUMERIC_STD.TO_INTEGER: metavalue detected, returning 0
at 75 ns(1), Instance /tb_memarray_v5/uut/\block_a_mem_gen(2)\/MEMA/ : Warning: NUMERIC_STD.TO_INTEGER: metavalue detected, returning 0
at 80 ns: Note: The value of G33 = 9 (/tb_memarray_v5/).
at 85 ns(1), Instance /tb_memarray_v5/uut/\block_a_mem_gen(0)\/MEMA/ : Warning: NUMERIC_STD.TO_INTEGER: metavalue detected, returning 0
at 85 ns(1), Instance /tb_memarray_v5/uut/\block_a_mem_gen(1)\/MEMA/ : Warning: NUMERIC_STD.TO_INTEGER: metavalue detected, returning 0
at 85 ns(1), Instance /tb_memarray_v5/uut/\block_a_mem_gen(2)\/MEMA/ : Warning: NUMERIC_STD.TO_INTEGER: metavalue detected, returning 0
at 165 ns(2): Note: The value of P11 = 1 (/tb_memarray_v5/).
at 175 ns: Note: The value of P12 = 2 (/tb_memarray_v5/).
at 185 ns: Note: The value of P13 = 3 (/tb_memarray_v5/).
at 195 ns: Note: The value of P21 = 4 (/tb_memarray_v5/).
at 205 ns: Note: The value of P22 = 5 (/tb_memarray_v5/).
at 215 ns: Note: The value of P23 = 6 (/tb_memarray_v5/).
at 225 ns: Note: The value of P31 = 7 (/tb_memarray_v5/).
at 235 ns: Note: The value of P32 = 8 (/tb_memarray_v5/).
at 245 ns: Note: The value of P33 = 9 (/tb_memarray_v5/).
---------------BEGINNING OF SECTION (See end of Section for details)---------------
         1         2         3
         6         4         5
         0         0         0
--------------- Data loaded into BRAM. 20 clock cycles to load,19 clock cycles to unload---------------
 
---------------BEGINNING OF SECTION (See end of Section for details)---------------
        14        32        50
       122       194        50
         0         0         0
--------------- result of PGt from upper bank of BRAM. 19 clock cycles to finish multiplication, 19 clock cycles to unload---------------
 
---------------BEGINNING OF SECTION (See end of Section for details)---------------
       228       552       876
      1938      3072       804
         0         0         0
--------------- result of PGt * Gt from upper bank of BRAM. 19 clock cycles to finish multiplication, 19 clock cycles to unload---------------
 
at 1585 ns(2): Note: The value of P11 = 1 (/tb_memarray_v5/).
at 1595 ns: Note: The value of P12 = 2 (/tb_memarray_v5/).
at 1605 ns: Note: The value of P13 = 3 (/tb_memarray_v5/).
at 1615 ns: Note: The value of P21 = 4 (/tb_memarray_v5/).
at 1625 ns: Note: The value of P22 = 5 (/tb_memarray_v5/).
at 1635 ns: Note: The value of P23 = 6 (/tb_memarray_v5/).
at 1645 ns: Note: The value of P31 = 7 (/tb_memarray_v5/).
at 1655 ns: Note: The value of P32 = 8 (/tb_memarray_v5/).
at 1665 ns: Note: The value of P33 = 9 (/tb_memarray_v5/).
---------------BEGINNING OF SECTION (See end of Section for details)---------------
         0         0         0
         0         0         0
         0         0         0
--------------- Data loaded into BRAM. 20 clock cycles to load,19 clock cycles to unload---------------
 
ISim P.20131013 (signature 0x7708f090)
----------------------------------------------------------------------
WARNING:Security:42 - Your software subscription period has lapsed. Your current version of Xilinx tools will continue to function, but you no longer qualify for Xilinx software updates or new releases.


----------------------------------------------------------------------
This is a Full version of ISim.
# run 2000 ns
Simulator is doing circuit initialization process.
at 0 ps: Note: COLS number: 3 (/tb_memarray_v5/).
at 0 ps: Note: ROWS number:3 (/tb_memarray_v5/).
at 0 ps: Note: The value of G11 = 1 (/tb_memarray_v5/).
at 0 ps, Instance /tb_memarray_v5/uut/FIRST_DSP/U0/ : Warning: NUMERIC_STD.TO_INTEGER: metavalue detected, returning 0
at 0 ps, Instance /tb_memarray_v5/uut/\block_a_dsp_gen(1)\/DSP/U0/ : Warning: NUMERIC_STD.TO_INTEGER: metavalue detected, returning 0
at 0 ps, Instance /tb_memarray_v5/uut/\block_a_dsp_gen(2)\/DSP/U0/ : Warning: NUMERIC_STD.TO_INTEGER: metavalue detected, returning 0
Finished circuit initialization process.
at 5 ns(1), Instance /tb_memarray_v5/uut/\block_a_mem_gen(0)\/MEMA/ : Warning: NUMERIC_STD.">": metavalue detected, returning FALSE
at 5 ns(1), Instance /tb_memarray_v5/uut/\block_a_mem_gen(0)\/MEMA/ : Warning: NUMERIC_STD.TO_INTEGER: metavalue detected, returning 0
at 5 ns(1), Instance /tb_memarray_v5/uut/\block_a_mem_gen(0)\/MEMA/BMG_PORT/U0/native_mem_module/mem_module/ : Warning: There is an 'U'|'X'|'W'|'Z'|'-' in an arithmetic operand, the result will be 'X'(es).
at 5 ns(1), Instance /tb_memarray_v5/uut/\block_a_mem_gen(0)\/MEMA/BMG_PORT/U0/native_mem_module/mem_module/ : Warning: CONV_INTEGER: There is an 'U'|'X'|'W'|'Z'|'-' in an arithmetic operand, and it has been converted to 0.
at 5 ns(1): Note: Block Memory Generator CORE Generator module is using a behavioral model FOR simulation which will not precisely model memory collision behavior. (/tb_memarray_v5/uut/\block_a_mem_gen(0)\/MEMA/BMG_PORT/U0/native_mem_module/mem_module/).
at 5 ns(1), Instance /tb_memarray_v5/uut/\block_a_mem_gen(0)\/MEMA/BMG_PORT/U0/native_mem_module/mem_module/ : Warning: CONV_INTEGER: There is an 'U'|'X'|'W'|'Z'|'-' in an arithmetic operand, and it has been converted to 0.
at 5 ns(1), Instance /tb_memarray_v5/uut/\block_a_mem_gen(0)\/MEMA/BMG_PORT/U0/native_mem_module/mem_module/ : Warning: CONV_INTEGER: There is an 'U'|'X'|'W'|'Z'|'-' in an arithmetic operand, and it has been converted to 0.
at 5 ns(1), Instance /tb_memarray_v5/uut/\block_a_mem_gen(0)\/MEMA/BMG_PORT/U0/native_mem_module/mem_module/ : Warning: CONV_INTEGER: There is an 'U'|'X'|'W'|'Z'|'-' in an arithmetic operand, and it has been converted to 0.
at 5 ns(1), Instance /tb_memarray_v5/uut/\block_a_mem_gen(1)\/MEMA/ : Warning: NUMERIC_STD.">": metavalue detected, returning FALSE
at 5 ns(1), Instance /tb_memarray_v5/uut/\block_a_mem_gen(1)\/MEMA/ : Warning: NUMERIC_STD.TO_INTEGER: metavalue detected, returning 0
at 5 ns(1), Instance /tb_memarray_v5/uut/\block_a_mem_gen(1)\/MEMA/BMG_PORT/U0/native_mem_module/mem_module/ : Warning: CONV_INTEGER: There is an 'U'|'X'|'W'|'Z'|'-' in an arithmetic operand, and it has been converted to 0.
at 5 ns(1): Note: Block Memory Generator CORE Generator module is using a behavioral model FOR simulation which will not precisely model memory collision behavior. (/tb_memarray_v5/uut/\block_a_mem_gen(1)\/MEMA/BMG_PORT/U0/native_mem_module/mem_module/).
at 5 ns(1), Instance /tb_memarray_v5/uut/\block_a_mem_gen(1)\/MEMA/BMG_PORT/U0/native_mem_module/mem_module/ : Warning: CONV_INTEGER: There is an 'U'|'X'|'W'|'Z'|'-' in an arithmetic operand, and it has been converted to 0.
at 5 ns(1), Instance /tb_memarray_v5/uut/\block_a_mem_gen(1)\/MEMA/BMG_PORT/U0/native_mem_module/mem_module/ : Warning: CONV_INTEGER: There is an 'U'|'X'|'W'|'Z'|'-' in an arithmetic operand, and it has been converted to 0.
at 5 ns(1), Instance /tb_memarray_v5/uut/\block_a_mem_gen(1)\/MEMA/BMG_PORT/U0/native_mem_module/mem_module/ : Warning: CONV_INTEGER: There is an 'U'|'X'|'W'|'Z'|'-' in an arithmetic operand, and it has been converted to 0.
at 5 ns(1), Instance /tb_memarray_v5/uut/\block_a_mem_gen(2)\/MEMA/ : Warning: NUMERIC_STD.">": metavalue detected, returning FALSE
at 5 ns(1), Instance /tb_memarray_v5/uut/\block_a_mem_gen(2)\/MEMA/ : Warning: NUMERIC_STD.TO_INTEGER: metavalue detected, returning 0
at 5 ns(1), Instance /tb_memarray_v5/uut/\block_a_mem_gen(2)\/MEMA/BMG_PORT/U0/native_mem_module/mem_module/ : Warning: CONV_INTEGER: There is an 'U'|'X'|'W'|'Z'|'-' in an arithmetic operand, and it has been converted to 0.
at 5 ns(1): Note: Block Memory Generator CORE Generator module is using a behavioral model FOR simulation which will not precisely model memory collision behavior. (/tb_memarray_v5/uut/\block_a_mem_gen(2)\/MEMA/BMG_PORT/U0/native_mem_module/mem_module/).
at 5 ns(1), Instance /tb_memarray_v5/uut/\block_a_mem_gen(2)\/MEMA/BMG_PORT/U0/native_mem_module/mem_module/ : Warning: CONV_INTEGER: There is an 'U'|'X'|'W'|'Z'|'-' in an arithmetic operand, and it has been converted to 0.
at 5 ns(1), Instance /tb_memarray_v5/uut/\block_a_mem_gen(2)\/MEMA/BMG_PORT/U0/native_mem_module/mem_module/ : Warning: CONV_INTEGER: There is an 'U'|'X'|'W'|'Z'|'-' in an arithmetic operand, and it has been converted to 0.
at 5 ns(1), Instance /tb_memarray_v5/uut/\block_a_mem_gen(2)\/MEMA/BMG_PORT/U0/native_mem_module/mem_module/ : Warning: CONV_INTEGER: There is an 'U'|'X'|'W'|'Z'|'-' in an arithmetic operand, and it has been converted to 0.
at 10 ns: Note: The value of G12 = 2 (/tb_memarray_v5/).
at 15 ns(1), Instance /tb_memarray_v5/uut/\block_a_mem_gen(0)\/MEMA/ : Warning: NUMERIC_STD.TO_INTEGER: metavalue detected, returning 0
at 15 ns(1), Instance /tb_memarray_v5/uut/\block_a_mem_gen(1)\/MEMA/ : Warning: NUMERIC_STD.TO_INTEGER: metavalue detected, returning 0
at 15 ns(1), Instance /tb_memarray_v5/uut/\block_a_mem_gen(2)\/MEMA/ : Warning: NUMERIC_STD.TO_INTEGER: metavalue detected, returning 0
at 20 ns: Note: The value of G13 = 3 (/tb_memarray_v5/).
at 25 ns(1), Instance /tb_memarray_v5/uut/\block_a_mem_gen(0)\/MEMA/ : Warning: NUMERIC_STD.TO_INTEGER: metavalue detected, returning 0
at 25 ns(1), Instance /tb_memarray_v5/uut/\block_a_mem_gen(1)\/MEMA/ : Warning: NUMERIC_STD.TO_INTEGER: metavalue detected, returning 0
at 25 ns(1), Instance /tb_memarray_v5/uut/\block_a_mem_gen(2)\/MEMA/ : Warning: NUMERIC_STD.TO_INTEGER: metavalue detected, returning 0
at 30 ns: Note: The value of G21 = 4 (/tb_memarray_v5/).
at 35 ns(1), Instance /tb_memarray_v5/uut/\block_a_mem_gen(0)\/MEMA/ : Warning: NUMERIC_STD.TO_INTEGER: metavalue detected, returning 0
at 35 ns(1), Instance /tb_memarray_v5/uut/\block_a_mem_gen(1)\/MEMA/ : Warning: NUMERIC_STD.TO_INTEGER: metavalue detected, returning 0
at 35 ns(1), Instance /tb_memarray_v5/uut/\block_a_mem_gen(2)\/MEMA/ : Warning: NUMERIC_STD.TO_INTEGER: metavalue detected, returning 0
at 40 ns: Note: The value of G22 = 5 (/tb_memarray_v5/).
at 45 ns(1), Instance /tb_memarray_v5/uut/\block_a_mem_gen(0)\/MEMA/ : Warning: NUMERIC_STD.TO_INTEGER: metavalue detected, returning 0
at 45 ns(1), Instance /tb_memarray_v5/uut/\block_a_mem_gen(1)\/MEMA/ : Warning: NUMERIC_STD.TO_INTEGER: metavalue detected, returning 0
at 45 ns(1), Instance /tb_memarray_v5/uut/\block_a_mem_gen(2)\/MEMA/ : Warning: NUMERIC_STD.TO_INTEGER: metavalue detected, returning 0
at 50 ns: Note: The value of G23 = 6 (/tb_memarray_v5/).
at 55 ns(1), Instance /tb_memarray_v5/uut/\block_a_mem_gen(0)\/MEMA/ : Warning: NUMERIC_STD.TO_INTEGER: metavalue detected, returning 0
at 55 ns(1), Instance /tb_memarray_v5/uut/\block_a_mem_gen(1)\/MEMA/ : Warning: NUMERIC_STD.TO_INTEGER: metavalue detected, returning 0
at 55 ns(1), Instance /tb_memarray_v5/uut/\block_a_mem_gen(2)\/MEMA/ : Warning: NUMERIC_STD.TO_INTEGER: metavalue detected, returning 0
at 60 ns: Note: The value of G31 = 7 (/tb_memarray_v5/).
at 65 ns(1), Instance /tb_memarray_v5/uut/\block_a_mem_gen(0)\/MEMA/ : Warning: NUMERIC_STD.TO_INTEGER: metavalue detected, returning 0
at 65 ns(1), Instance /tb_memarray_v5/uut/\block_a_mem_gen(1)\/MEMA/ : Warning: NUMERIC_STD.TO_INTEGER: metavalue detected, returning 0
at 65 ns(1), Instance /tb_memarray_v5/uut/\block_a_mem_gen(2)\/MEMA/ : Warning: NUMERIC_STD.TO_INTEGER: metavalue detected, returning 0
at 70 ns: Note: The value of G32 = 8 (/tb_memarray_v5/).
at 75 ns(1), Instance /tb_memarray_v5/uut/\block_a_mem_gen(0)\/MEMA/ : Warning: NUMERIC_STD.TO_INTEGER: metavalue detected, returning 0
at 75 ns(1), Instance /tb_memarray_v5/uut/\block_a_mem_gen(1)\/MEMA/ : Warning: NUMERIC_STD.TO_INTEGER: metavalue detected, returning 0
at 75 ns(1), Instance /tb_memarray_v5/uut/\block_a_mem_gen(2)\/MEMA/ : Warning: NUMERIC_STD.TO_INTEGER: metavalue detected, returning 0
at 80 ns: Note: The value of G33 = 9 (/tb_memarray_v5/).
at 85 ns(1), Instance /tb_memarray_v5/uut/\block_a_mem_gen(0)\/MEMA/ : Warning: NUMERIC_STD.TO_INTEGER: metavalue detected, returning 0
at 85 ns(1), Instance /tb_memarray_v5/uut/\block_a_mem_gen(1)\/MEMA/ : Warning: NUMERIC_STD.TO_INTEGER: metavalue detected, returning 0
at 85 ns(1), Instance /tb_memarray_v5/uut/\block_a_mem_gen(2)\/MEMA/ : Warning: NUMERIC_STD.TO_INTEGER: metavalue detected, returning 0
at 165 ns(2): Note: The value of P11 = 1 (/tb_memarray_v5/).
at 175 ns: Note: The value of P12 = 2 (/tb_memarray_v5/).
at 185 ns: Note: The value of P13 = 3 (/tb_memarray_v5/).
at 195 ns: Note: The value of P21 = 4 (/tb_memarray_v5/).
at 205 ns: Note: The value of P22 = 5 (/tb_memarray_v5/).
at 215 ns: Note: The value of P23 = 6 (/tb_memarray_v5/).
at 225 ns: Note: The value of P31 = 7 (/tb_memarray_v5/).
at 235 ns: Note: The value of P32 = 8 (/tb_memarray_v5/).
at 245 ns: Note: The value of P33 = 9 (/tb_memarray_v5/).
---------------BEGINNING OF SECTION (See end of Section for details)---------------
         1         2         3
         6         4         5
         8         9         7
--------------- Data loaded into BRAM. 20 clock cycles to load,19 clock cycles to unload---------------
 
---------------BEGINNING OF SECTION (See end of Section for details)---------------
        14        32        50
       122       194        50
       122        32        77
--------------- result of PGt from upper bank of BRAM. 19 clock cycles to finish multiplication, 19 clock cycles to unload---------------
 
---------------BEGINNING OF SECTION (See end of Section for details)---------------
       228       552       876
      1938      3072       804
      1974       516      1245
--------------- result of PGt * Gt from upper bank of BRAM. 19 clock cycles to finish multiplication, 19 clock cycles to unload---------------
 
at 1585 ns(2): Note: The value of P11 = 1 (/tb_memarray_v5/).
at 1595 ns: Note: The value of P12 = 2 (/tb_memarray_v5/).
at 1605 ns: Note: The value of P13 = 3 (/tb_memarray_v5/).
at 1615 ns: Note: The value of P21 = 4 (/tb_memarray_v5/).
at 1625 ns: Note: The value of P22 = 5 (/tb_memarray_v5/).
at 1635 ns: Note: The value of P23 = 6 (/tb_memarray_v5/).
at 1645 ns: Note: The value of P31 = 7 (/tb_memarray_v5/).
at 1655 ns: Note: The value of P32 = 8 (/tb_memarray_v5/).
at 1665 ns: Note: The value of P33 = 9 (/tb_memarray_v5/).
---------------BEGINNING OF SECTION (See end of Section for details)---------------
         0         0         0
         0         0         0
         0         0         0
--------------- Data loaded into BRAM. 20 clock cycles to load,19 clock cycles to unload---------------
 
ISim P.20131013 (signature 0x7708f090)
----------------------------------------------------------------------
WARNING:Security:42 - Your software subscription period has lapsed. Your current version of Xilinx tools will continue to function, but you no longer qualify for Xilinx software updates or new releases.


----------------------------------------------------------------------
This is a Full version of ISim.
# run 2000 ns
Simulator is doing circuit initialization process.
at 0 ps: Note: COLS number: 3 (/tb_memarray_v5/).
at 0 ps: Note: ROWS number:3 (/tb_memarray_v5/).
at 0 ps: Note: The value of G11 = 1 (/tb_memarray_v5/).
at 0 ps, Instance /tb_memarray_v5/uut/FIRST_DSP/U0/ : Warning: NUMERIC_STD.TO_INTEGER: metavalue detected, returning 0
at 0 ps, Instance /tb_memarray_v5/uut/\block_a_dsp_gen(1)\/DSP/U0/ : Warning: NUMERIC_STD.TO_INTEGER: metavalue detected, returning 0
at 0 ps, Instance /tb_memarray_v5/uut/\block_a_dsp_gen(2)\/DSP/U0/ : Warning: NUMERIC_STD.TO_INTEGER: metavalue detected, returning 0
Finished circuit initialization process.
at 5 ns(1), Instance /tb_memarray_v5/uut/\block_a_mem_gen(0)\/MEMA/ : Warning: NUMERIC_STD.">": metavalue detected, returning FALSE
at 5 ns(1), Instance /tb_memarray_v5/uut/\block_a_mem_gen(0)\/MEMA/ : Warning: NUMERIC_STD.TO_INTEGER: metavalue detected, returning 0
at 5 ns(1), Instance /tb_memarray_v5/uut/\block_a_mem_gen(0)\/MEMA/BMG_PORT/U0/native_mem_module/mem_module/ : Warning: There is an 'U'|'X'|'W'|'Z'|'-' in an arithmetic operand, the result will be 'X'(es).
at 5 ns(1), Instance /tb_memarray_v5/uut/\block_a_mem_gen(0)\/MEMA/BMG_PORT/U0/native_mem_module/mem_module/ : Warning: CONV_INTEGER: There is an 'U'|'X'|'W'|'Z'|'-' in an arithmetic operand, and it has been converted to 0.
at 5 ns(1): Note: Block Memory Generator CORE Generator module is using a behavioral model FOR simulation which will not precisely model memory collision behavior. (/tb_memarray_v5/uut/\block_a_mem_gen(0)\/MEMA/BMG_PORT/U0/native_mem_module/mem_module/).
at 5 ns(1), Instance /tb_memarray_v5/uut/\block_a_mem_gen(0)\/MEMA/BMG_PORT/U0/native_mem_module/mem_module/ : Warning: CONV_INTEGER: There is an 'U'|'X'|'W'|'Z'|'-' in an arithmetic operand, and it has been converted to 0.
at 5 ns(1), Instance /tb_memarray_v5/uut/\block_a_mem_gen(0)\/MEMA/BMG_PORT/U0/native_mem_module/mem_module/ : Warning: CONV_INTEGER: There is an 'U'|'X'|'W'|'Z'|'-' in an arithmetic operand, and it has been converted to 0.
at 5 ns(1), Instance /tb_memarray_v5/uut/\block_a_mem_gen(0)\/MEMA/BMG_PORT/U0/native_mem_module/mem_module/ : Warning: CONV_INTEGER: There is an 'U'|'X'|'W'|'Z'|'-' in an arithmetic operand, and it has been converted to 0.
at 5 ns(1), Instance /tb_memarray_v5/uut/\block_a_mem_gen(1)\/MEMA/ : Warning: NUMERIC_STD.">": metavalue detected, returning FALSE
at 5 ns(1), Instance /tb_memarray_v5/uut/\block_a_mem_gen(1)\/MEMA/ : Warning: NUMERIC_STD.TO_INTEGER: metavalue detected, returning 0
at 5 ns(1), Instance /tb_memarray_v5/uut/\block_a_mem_gen(1)\/MEMA/BMG_PORT/U0/native_mem_module/mem_module/ : Warning: CONV_INTEGER: There is an 'U'|'X'|'W'|'Z'|'-' in an arithmetic operand, and it has been converted to 0.
at 5 ns(1): Note: Block Memory Generator CORE Generator module is using a behavioral model FOR simulation which will not precisely model memory collision behavior. (/tb_memarray_v5/uut/\block_a_mem_gen(1)\/MEMA/BMG_PORT/U0/native_mem_module/mem_module/).
at 5 ns(1), Instance /tb_memarray_v5/uut/\block_a_mem_gen(1)\/MEMA/BMG_PORT/U0/native_mem_module/mem_module/ : Warning: CONV_INTEGER: There is an 'U'|'X'|'W'|'Z'|'-' in an arithmetic operand, and it has been converted to 0.
at 5 ns(1), Instance /tb_memarray_v5/uut/\block_a_mem_gen(1)\/MEMA/BMG_PORT/U0/native_mem_module/mem_module/ : Warning: CONV_INTEGER: There is an 'U'|'X'|'W'|'Z'|'-' in an arithmetic operand, and it has been converted to 0.
at 5 ns(1), Instance /tb_memarray_v5/uut/\block_a_mem_gen(1)\/MEMA/BMG_PORT/U0/native_mem_module/mem_module/ : Warning: CONV_INTEGER: There is an 'U'|'X'|'W'|'Z'|'-' in an arithmetic operand, and it has been converted to 0.
at 5 ns(1), Instance /tb_memarray_v5/uut/\block_a_mem_gen(2)\/MEMA/ : Warning: NUMERIC_STD.">": metavalue detected, returning FALSE
at 5 ns(1), Instance /tb_memarray_v5/uut/\block_a_mem_gen(2)\/MEMA/ : Warning: NUMERIC_STD.TO_INTEGER: metavalue detected, returning 0
at 5 ns(1), Instance /tb_memarray_v5/uut/\block_a_mem_gen(2)\/MEMA/BMG_PORT/U0/native_mem_module/mem_module/ : Warning: CONV_INTEGER: There is an 'U'|'X'|'W'|'Z'|'-' in an arithmetic operand, and it has been converted to 0.
at 5 ns(1): Note: Block Memory Generator CORE Generator module is using a behavioral model FOR simulation which will not precisely model memory collision behavior. (/tb_memarray_v5/uut/\block_a_mem_gen(2)\/MEMA/BMG_PORT/U0/native_mem_module/mem_module/).
at 5 ns(1), Instance /tb_memarray_v5/uut/\block_a_mem_gen(2)\/MEMA/BMG_PORT/U0/native_mem_module/mem_module/ : Warning: CONV_INTEGER: There is an 'U'|'X'|'W'|'Z'|'-' in an arithmetic operand, and it has been converted to 0.
at 5 ns(1), Instance /tb_memarray_v5/uut/\block_a_mem_gen(2)\/MEMA/BMG_PORT/U0/native_mem_module/mem_module/ : Warning: CONV_INTEGER: There is an 'U'|'X'|'W'|'Z'|'-' in an arithmetic operand, and it has been converted to 0.
at 5 ns(1), Instance /tb_memarray_v5/uut/\block_a_mem_gen(2)\/MEMA/BMG_PORT/U0/native_mem_module/mem_module/ : Warning: CONV_INTEGER: There is an 'U'|'X'|'W'|'Z'|'-' in an arithmetic operand, and it has been converted to 0.
at 10 ns: Note: The value of G12 = 2 (/tb_memarray_v5/).
at 15 ns(1), Instance /tb_memarray_v5/uut/\block_a_mem_gen(0)\/MEMA/ : Warning: NUMERIC_STD.TO_INTEGER: metavalue detected, returning 0
at 15 ns(1), Instance /tb_memarray_v5/uut/\block_a_mem_gen(1)\/MEMA/ : Warning: NUMERIC_STD.TO_INTEGER: metavalue detected, returning 0
at 15 ns(1), Instance /tb_memarray_v5/uut/\block_a_mem_gen(2)\/MEMA/ : Warning: NUMERIC_STD.TO_INTEGER: metavalue detected, returning 0
at 20 ns: Note: The value of G13 = 3 (/tb_memarray_v5/).
at 25 ns(1), Instance /tb_memarray_v5/uut/\block_a_mem_gen(0)\/MEMA/ : Warning: NUMERIC_STD.TO_INTEGER: metavalue detected, returning 0
at 25 ns(1), Instance /tb_memarray_v5/uut/\block_a_mem_gen(1)\/MEMA/ : Warning: NUMERIC_STD.TO_INTEGER: metavalue detected, returning 0
at 25 ns(1), Instance /tb_memarray_v5/uut/\block_a_mem_gen(2)\/MEMA/ : Warning: NUMERIC_STD.TO_INTEGER: metavalue detected, returning 0
at 30 ns: Note: The value of G21 = 4 (/tb_memarray_v5/).
at 35 ns(1), Instance /tb_memarray_v5/uut/\block_a_mem_gen(0)\/MEMA/ : Warning: NUMERIC_STD.TO_INTEGER: metavalue detected, returning 0
at 35 ns(1), Instance /tb_memarray_v5/uut/\block_a_mem_gen(1)\/MEMA/ : Warning: NUMERIC_STD.TO_INTEGER: metavalue detected, returning 0
at 35 ns(1), Instance /tb_memarray_v5/uut/\block_a_mem_gen(2)\/MEMA/ : Warning: NUMERIC_STD.TO_INTEGER: metavalue detected, returning 0
at 40 ns: Note: The value of G22 = 5 (/tb_memarray_v5/).
at 45 ns(1), Instance /tb_memarray_v5/uut/\block_a_mem_gen(0)\/MEMA/ : Warning: NUMERIC_STD.TO_INTEGER: metavalue detected, returning 0
at 45 ns(1), Instance /tb_memarray_v5/uut/\block_a_mem_gen(1)\/MEMA/ : Warning: NUMERIC_STD.TO_INTEGER: metavalue detected, returning 0
at 45 ns(1), Instance /tb_memarray_v5/uut/\block_a_mem_gen(2)\/MEMA/ : Warning: NUMERIC_STD.TO_INTEGER: metavalue detected, returning 0
at 50 ns: Note: The value of G23 = 6 (/tb_memarray_v5/).
at 55 ns(1), Instance /tb_memarray_v5/uut/\block_a_mem_gen(0)\/MEMA/ : Warning: NUMERIC_STD.TO_INTEGER: metavalue detected, returning 0
at 55 ns(1), Instance /tb_memarray_v5/uut/\block_a_mem_gen(1)\/MEMA/ : Warning: NUMERIC_STD.TO_INTEGER: metavalue detected, returning 0
at 55 ns(1), Instance /tb_memarray_v5/uut/\block_a_mem_gen(2)\/MEMA/ : Warning: NUMERIC_STD.TO_INTEGER: metavalue detected, returning 0
at 60 ns: Note: The value of G31 = 7 (/tb_memarray_v5/).
at 65 ns(1), Instance /tb_memarray_v5/uut/\block_a_mem_gen(0)\/MEMA/ : Warning: NUMERIC_STD.TO_INTEGER: metavalue detected, returning 0
at 65 ns(1), Instance /tb_memarray_v5/uut/\block_a_mem_gen(1)\/MEMA/ : Warning: NUMERIC_STD.TO_INTEGER: metavalue detected, returning 0
at 65 ns(1), Instance /tb_memarray_v5/uut/\block_a_mem_gen(2)\/MEMA/ : Warning: NUMERIC_STD.TO_INTEGER: metavalue detected, returning 0
at 70 ns: Note: The value of G32 = 8 (/tb_memarray_v5/).
at 75 ns(1), Instance /tb_memarray_v5/uut/\block_a_mem_gen(0)\/MEMA/ : Warning: NUMERIC_STD.TO_INTEGER: metavalue detected, returning 0
at 75 ns(1), Instance /tb_memarray_v5/uut/\block_a_mem_gen(1)\/MEMA/ : Warning: NUMERIC_STD.TO_INTEGER: metavalue detected, returning 0
at 75 ns(1), Instance /tb_memarray_v5/uut/\block_a_mem_gen(2)\/MEMA/ : Warning: NUMERIC_STD.TO_INTEGER: metavalue detected, returning 0
at 80 ns: Note: The value of G33 = 9 (/tb_memarray_v5/).
at 85 ns(1), Instance /tb_memarray_v5/uut/\block_a_mem_gen(0)\/MEMA/ : Warning: NUMERIC_STD.TO_INTEGER: metavalue detected, returning 0
at 85 ns(1), Instance /tb_memarray_v5/uut/\block_a_mem_gen(1)\/MEMA/ : Warning: NUMERIC_STD.TO_INTEGER: metavalue detected, returning 0
at 85 ns(1), Instance /tb_memarray_v5/uut/\block_a_mem_gen(2)\/MEMA/ : Warning: NUMERIC_STD.TO_INTEGER: metavalue detected, returning 0
at 165 ns(2): Note: The value of P11 = 1 (/tb_memarray_v5/).
at 175 ns: Note: The value of P12 = 2 (/tb_memarray_v5/).
at 185 ns: Note: The value of P13 = 3 (/tb_memarray_v5/).
at 195 ns: Note: The value of P21 = 4 (/tb_memarray_v5/).
at 205 ns: Note: The value of P22 = 5 (/tb_memarray_v5/).
at 215 ns: Note: The value of P23 = 6 (/tb_memarray_v5/).
at 225 ns: Note: The value of P31 = 7 (/tb_memarray_v5/).
at 235 ns: Note: The value of P32 = 8 (/tb_memarray_v5/).
at 245 ns: Note: The value of P33 = 9 (/tb_memarray_v5/).
---------------BEGINNING OF SECTION (See end of Section for details)---------------
         1         2         3
         6         4         5
         0         0         0
--------------- Data loaded into BRAM. 20 clock cycles to load,19 clock cycles to unload---------------
 
---------------BEGINNING OF SECTION (See end of Section for details)---------------
        14        32        50
       122       194        50
         0         0         0
--------------- result of PGt from upper bank of BRAM. 19 clock cycles to finish multiplication, 19 clock cycles to unload---------------
 
---------------BEGINNING OF SECTION (See end of Section for details)---------------
       228       552       876
      1938      3072       804
         0         0         0
--------------- result of PGt * Gt from upper bank of BRAM. 19 clock cycles to finish multiplication, 19 clock cycles to unload---------------
 
at 1585 ns(2): Note: The value of P11 = 1 (/tb_memarray_v5/).
at 1595 ns: Note: The value of P12 = 2 (/tb_memarray_v5/).
at 1605 ns: Note: The value of P13 = 3 (/tb_memarray_v5/).
at 1615 ns: Note: The value of P21 = 4 (/tb_memarray_v5/).
at 1625 ns: Note: The value of P22 = 5 (/tb_memarray_v5/).
at 1635 ns: Note: The value of P23 = 6 (/tb_memarray_v5/).
at 1645 ns: Note: The value of P31 = 7 (/tb_memarray_v5/).
at 1655 ns: Note: The value of P32 = 8 (/tb_memarray_v5/).
at 1665 ns: Note: The value of P33 = 9 (/tb_memarray_v5/).
---------------BEGINNING OF SECTION (See end of Section for details)---------------
         0         0         0
         0         0         0
         0         0         0
--------------- Data loaded into BRAM. 20 clock cycles to load,19 clock cycles to unload---------------
 
ISim P.20131013 (signature 0x7708f090)
----------------------------------------------------------------------
WARNING:Security:42 - Your software subscription period has lapsed. Your current version of Xilinx tools will continue to function, but you no longer qualify for Xilinx software updates or new releases.


----------------------------------------------------------------------
This is a Full version of ISim.
# run 2000 ns
Simulator is doing circuit initialization process.
at 0 ps: Note: COLS number: 3 (/tb_memarray_v5/).
at 0 ps: Note: ROWS number:3 (/tb_memarray_v5/).
at 0 ps: Note: The value of G11 = 1 (/tb_memarray_v5/).
at 0 ps, Instance /tb_memarray_v5/uut/FIRST_DSP/U0/ : Warning: NUMERIC_STD.TO_INTEGER: metavalue detected, returning 0
at 0 ps, Instance /tb_memarray_v5/uut/\block_a_dsp_gen(1)\/DSP/U0/ : Warning: NUMERIC_STD.TO_INTEGER: metavalue detected, returning 0
at 0 ps, Instance /tb_memarray_v5/uut/\block_a_dsp_gen(2)\/DSP/U0/ : Warning: NUMERIC_STD.TO_INTEGER: metavalue detected, returning 0
Finished circuit initialization process.
at 5 ns(1), Instance /tb_memarray_v5/uut/\block_a_mem_gen(0)\/MEMA/ : Warning: NUMERIC_STD.">": metavalue detected, returning FALSE
at 5 ns(1), Instance /tb_memarray_v5/uut/\block_a_mem_gen(0)\/MEMA/ : Warning: NUMERIC_STD.TO_INTEGER: metavalue detected, returning 0
at 5 ns(1), Instance /tb_memarray_v5/uut/\block_a_mem_gen(0)\/MEMA/BMG_PORT/U0/native_mem_module/mem_module/ : Warning: There is an 'U'|'X'|'W'|'Z'|'-' in an arithmetic operand, the result will be 'X'(es).
at 5 ns(1), Instance /tb_memarray_v5/uut/\block_a_mem_gen(0)\/MEMA/BMG_PORT/U0/native_mem_module/mem_module/ : Warning: CONV_INTEGER: There is an 'U'|'X'|'W'|'Z'|'-' in an arithmetic operand, and it has been converted to 0.
at 5 ns(1): Note: Block Memory Generator CORE Generator module is using a behavioral model FOR simulation which will not precisely model memory collision behavior. (/tb_memarray_v5/uut/\block_a_mem_gen(0)\/MEMA/BMG_PORT/U0/native_mem_module/mem_module/).
at 5 ns(1), Instance /tb_memarray_v5/uut/\block_a_mem_gen(0)\/MEMA/BMG_PORT/U0/native_mem_module/mem_module/ : Warning: CONV_INTEGER: There is an 'U'|'X'|'W'|'Z'|'-' in an arithmetic operand, and it has been converted to 0.
at 5 ns(1), Instance /tb_memarray_v5/uut/\block_a_mem_gen(0)\/MEMA/BMG_PORT/U0/native_mem_module/mem_module/ : Warning: CONV_INTEGER: There is an 'U'|'X'|'W'|'Z'|'-' in an arithmetic operand, and it has been converted to 0.
at 5 ns(1), Instance /tb_memarray_v5/uut/\block_a_mem_gen(0)\/MEMA/BMG_PORT/U0/native_mem_module/mem_module/ : Warning: CONV_INTEGER: There is an 'U'|'X'|'W'|'Z'|'-' in an arithmetic operand, and it has been converted to 0.
at 5 ns(1), Instance /tb_memarray_v5/uut/\block_a_mem_gen(1)\/MEMA/ : Warning: NUMERIC_STD.">": metavalue detected, returning FALSE
at 5 ns(1), Instance /tb_memarray_v5/uut/\block_a_mem_gen(1)\/MEMA/ : Warning: NUMERIC_STD.TO_INTEGER: metavalue detected, returning 0
at 5 ns(1), Instance /tb_memarray_v5/uut/\block_a_mem_gen(1)\/MEMA/BMG_PORT/U0/native_mem_module/mem_module/ : Warning: CONV_INTEGER: There is an 'U'|'X'|'W'|'Z'|'-' in an arithmetic operand, and it has been converted to 0.
at 5 ns(1): Note: Block Memory Generator CORE Generator module is using a behavioral model FOR simulation which will not precisely model memory collision behavior. (/tb_memarray_v5/uut/\block_a_mem_gen(1)\/MEMA/BMG_PORT/U0/native_mem_module/mem_module/).
at 5 ns(1), Instance /tb_memarray_v5/uut/\block_a_mem_gen(1)\/MEMA/BMG_PORT/U0/native_mem_module/mem_module/ : Warning: CONV_INTEGER: There is an 'U'|'X'|'W'|'Z'|'-' in an arithmetic operand, and it has been converted to 0.
at 5 ns(1), Instance /tb_memarray_v5/uut/\block_a_mem_gen(1)\/MEMA/BMG_PORT/U0/native_mem_module/mem_module/ : Warning: CONV_INTEGER: There is an 'U'|'X'|'W'|'Z'|'-' in an arithmetic operand, and it has been converted to 0.
at 5 ns(1), Instance /tb_memarray_v5/uut/\block_a_mem_gen(1)\/MEMA/BMG_PORT/U0/native_mem_module/mem_module/ : Warning: CONV_INTEGER: There is an 'U'|'X'|'W'|'Z'|'-' in an arithmetic operand, and it has been converted to 0.
at 5 ns(1), Instance /tb_memarray_v5/uut/\block_a_mem_gen(2)\/MEMA/ : Warning: NUMERIC_STD.">": metavalue detected, returning FALSE
at 5 ns(1), Instance /tb_memarray_v5/uut/\block_a_mem_gen(2)\/MEMA/ : Warning: NUMERIC_STD.TO_INTEGER: metavalue detected, returning 0
at 5 ns(1), Instance /tb_memarray_v5/uut/\block_a_mem_gen(2)\/MEMA/BMG_PORT/U0/native_mem_module/mem_module/ : Warning: CONV_INTEGER: There is an 'U'|'X'|'W'|'Z'|'-' in an arithmetic operand, and it has been converted to 0.
at 5 ns(1): Note: Block Memory Generator CORE Generator module is using a behavioral model FOR simulation which will not precisely model memory collision behavior. (/tb_memarray_v5/uut/\block_a_mem_gen(2)\/MEMA/BMG_PORT/U0/native_mem_module/mem_module/).
at 5 ns(1), Instance /tb_memarray_v5/uut/\block_a_mem_gen(2)\/MEMA/BMG_PORT/U0/native_mem_module/mem_module/ : Warning: CONV_INTEGER: There is an 'U'|'X'|'W'|'Z'|'-' in an arithmetic operand, and it has been converted to 0.
at 5 ns(1), Instance /tb_memarray_v5/uut/\block_a_mem_gen(2)\/MEMA/BMG_PORT/U0/native_mem_module/mem_module/ : Warning: CONV_INTEGER: There is an 'U'|'X'|'W'|'Z'|'-' in an arithmetic operand, and it has been converted to 0.
at 5 ns(1), Instance /tb_memarray_v5/uut/\block_a_mem_gen(2)\/MEMA/BMG_PORT/U0/native_mem_module/mem_module/ : Warning: CONV_INTEGER: There is an 'U'|'X'|'W'|'Z'|'-' in an arithmetic operand, and it has been converted to 0.
at 10 ns: Note: The value of G12 = 2 (/tb_memarray_v5/).
at 15 ns(1), Instance /tb_memarray_v5/uut/\block_a_mem_gen(0)\/MEMA/ : Warning: NUMERIC_STD.TO_INTEGER: metavalue detected, returning 0
at 15 ns(1), Instance /tb_memarray_v5/uut/\block_a_mem_gen(1)\/MEMA/ : Warning: NUMERIC_STD.TO_INTEGER: metavalue detected, returning 0
at 15 ns(1), Instance /tb_memarray_v5/uut/\block_a_mem_gen(2)\/MEMA/ : Warning: NUMERIC_STD.TO_INTEGER: metavalue detected, returning 0
at 20 ns: Note: The value of G13 = 3 (/tb_memarray_v5/).
at 25 ns(1), Instance /tb_memarray_v5/uut/\block_a_mem_gen(0)\/MEMA/ : Warning: NUMERIC_STD.TO_INTEGER: metavalue detected, returning 0
at 25 ns(1), Instance /tb_memarray_v5/uut/\block_a_mem_gen(1)\/MEMA/ : Warning: NUMERIC_STD.TO_INTEGER: metavalue detected, returning 0
at 25 ns(1), Instance /tb_memarray_v5/uut/\block_a_mem_gen(2)\/MEMA/ : Warning: NUMERIC_STD.TO_INTEGER: metavalue detected, returning 0
at 30 ns: Note: The value of G21 = 4 (/tb_memarray_v5/).
at 35 ns(1), Instance /tb_memarray_v5/uut/\block_a_mem_gen(0)\/MEMA/ : Warning: NUMERIC_STD.TO_INTEGER: metavalue detected, returning 0
at 35 ns(1), Instance /tb_memarray_v5/uut/\block_a_mem_gen(1)\/MEMA/ : Warning: NUMERIC_STD.TO_INTEGER: metavalue detected, returning 0
at 35 ns(1), Instance /tb_memarray_v5/uut/\block_a_mem_gen(2)\/MEMA/ : Warning: NUMERIC_STD.TO_INTEGER: metavalue detected, returning 0
at 40 ns: Note: The value of G22 = 5 (/tb_memarray_v5/).
at 45 ns(1), Instance /tb_memarray_v5/uut/\block_a_mem_gen(0)\/MEMA/ : Warning: NUMERIC_STD.TO_INTEGER: metavalue detected, returning 0
at 45 ns(1), Instance /tb_memarray_v5/uut/\block_a_mem_gen(1)\/MEMA/ : Warning: NUMERIC_STD.TO_INTEGER: metavalue detected, returning 0
at 45 ns(1), Instance /tb_memarray_v5/uut/\block_a_mem_gen(2)\/MEMA/ : Warning: NUMERIC_STD.TO_INTEGER: metavalue detected, returning 0
at 50 ns: Note: The value of G23 = 6 (/tb_memarray_v5/).
at 55 ns(1), Instance /tb_memarray_v5/uut/\block_a_mem_gen(0)\/MEMA/ : Warning: NUMERIC_STD.TO_INTEGER: metavalue detected, returning 0
at 55 ns(1), Instance /tb_memarray_v5/uut/\block_a_mem_gen(1)\/MEMA/ : Warning: NUMERIC_STD.TO_INTEGER: metavalue detected, returning 0
at 55 ns(1), Instance /tb_memarray_v5/uut/\block_a_mem_gen(2)\/MEMA/ : Warning: NUMERIC_STD.TO_INTEGER: metavalue detected, returning 0
at 60 ns: Note: The value of G31 = 7 (/tb_memarray_v5/).
at 65 ns(1), Instance /tb_memarray_v5/uut/\block_a_mem_gen(0)\/MEMA/ : Warning: NUMERIC_STD.TO_INTEGER: metavalue detected, returning 0
at 65 ns(1), Instance /tb_memarray_v5/uut/\block_a_mem_gen(1)\/MEMA/ : Warning: NUMERIC_STD.TO_INTEGER: metavalue detected, returning 0
at 65 ns(1), Instance /tb_memarray_v5/uut/\block_a_mem_gen(2)\/MEMA/ : Warning: NUMERIC_STD.TO_INTEGER: metavalue detected, returning 0
at 70 ns: Note: The value of G32 = 8 (/tb_memarray_v5/).
at 75 ns(1), Instance /tb_memarray_v5/uut/\block_a_mem_gen(0)\/MEMA/ : Warning: NUMERIC_STD.TO_INTEGER: metavalue detected, returning 0
at 75 ns(1), Instance /tb_memarray_v5/uut/\block_a_mem_gen(1)\/MEMA/ : Warning: NUMERIC_STD.TO_INTEGER: metavalue detected, returning 0
at 75 ns(1), Instance /tb_memarray_v5/uut/\block_a_mem_gen(2)\/MEMA/ : Warning: NUMERIC_STD.TO_INTEGER: metavalue detected, returning 0
at 80 ns: Note: The value of G33 = 9 (/tb_memarray_v5/).
at 85 ns(1), Instance /tb_memarray_v5/uut/\block_a_mem_gen(0)\/MEMA/ : Warning: NUMERIC_STD.TO_INTEGER: metavalue detected, returning 0
at 85 ns(1), Instance /tb_memarray_v5/uut/\block_a_mem_gen(1)\/MEMA/ : Warning: NUMERIC_STD.TO_INTEGER: metavalue detected, returning 0
at 85 ns(1), Instance /tb_memarray_v5/uut/\block_a_mem_gen(2)\/MEMA/ : Warning: NUMERIC_STD.TO_INTEGER: metavalue detected, returning 0
at 165 ns(2): Note: The value of P11 = 1 (/tb_memarray_v5/).
at 175 ns: Note: The value of P12 = 2 (/tb_memarray_v5/).
at 185 ns: Note: The value of P13 = 3 (/tb_memarray_v5/).
at 195 ns: Note: The value of P21 = 4 (/tb_memarray_v5/).
at 205 ns: Note: The value of P22 = 5 (/tb_memarray_v5/).
at 215 ns: Note: The value of P23 = 6 (/tb_memarray_v5/).
at 225 ns: Note: The value of P31 = 7 (/tb_memarray_v5/).
at 235 ns: Note: The value of P32 = 8 (/tb_memarray_v5/).
at 245 ns: Note: The value of P33 = 9 (/tb_memarray_v5/).
---------------BEGINNING OF SECTION (See end of Section for details)---------------
         1         2         3
         6         4         5
         8         9         7
--------------- Data loaded into BRAM. 20 clock cycles to load,19 clock cycles to unload---------------
 
---------------BEGINNING OF SECTION (See end of Section for details)---------------
        14        32        50
       122       194        50
       122        32        77
--------------- result of PGt from upper bank of BRAM. 19 clock cycles to finish multiplication, 19 clock cycles to unload---------------
 
---------------BEGINNING OF SECTION (See end of Section for details)---------------
       228       552       876
      1938      3072       804
      1974       516      1245
--------------- result of PGt * Gt from upper bank of BRAM. 19 clock cycles to finish multiplication, 19 clock cycles to unload---------------
 
at 1585 ns(2): Note: The value of P11 = 1 (/tb_memarray_v5/).
at 1595 ns: Note: The value of P12 = 2 (/tb_memarray_v5/).
at 1605 ns: Note: The value of P13 = 3 (/tb_memarray_v5/).
at 1615 ns: Note: The value of P21 = 4 (/tb_memarray_v5/).
at 1625 ns: Note: The value of P22 = 5 (/tb_memarray_v5/).
at 1635 ns: Note: The value of P23 = 6 (/tb_memarray_v5/).
at 1645 ns: Note: The value of P31 = 7 (/tb_memarray_v5/).
at 1655 ns: Note: The value of P32 = 8 (/tb_memarray_v5/).
at 1665 ns: Note: The value of P33 = 9 (/tb_memarray_v5/).
---------------BEGINNING OF SECTION (See end of Section for details)---------------
         0         0         0
         0         0         0
         0         0         0
--------------- Data loaded into BRAM. 20 clock cycles to load,19 clock cycles to unload---------------
 
