ISim log file
Running: C:\FPGA\Internship Jobs\Codes\ETSE_GDSP\StandAloneProjects\Task2\Normalizer\tb_DSPNormalizer_isim_beh.exe -intstyle ise -gui -tclbatch isim.cmd -wdb C:/FPGA/Internship Jobs/Codes/ETSE_GDSP/StandAloneProjects/Task2/Normalizer/tb_DSPNormalizer_isim_beh.wdb 
ISim P.20131013 (signature 0x7708f090)
----------------------------------------------------------------------
WARNING:Security:42 - Your software subscription period has lapsed. Your current version of Xilinx tools will continue to function, but you no longer qualify for Xilinx software updates or new releases.


----------------------------------------------------------------------
This is a Full version of ISim.
Time resolution is 1 ps
# onerror resume
# wave add /
# run 1000 ns
Simulator is doing circuit initialization process.
at 0 ps, Instance /tb_dspnormalizer/ : Warning: NUMERIC_STD.TO_INTEGER: metavalue detected, returning 0
at 0 ps, Instance /tb_dspnormalizer/LogicalShift/ : Warning: NUMERIC_STD.TO_INTEGER: metavalue detected, returning 0
Finished circuit initialization process.
at 95 ns(7): Note: Failed for result: 5: v_DSP48_Normalized_value =     -0.000 (/tb_dspnormalizer/).
ISim P.20131013 (signature 0x7708f090)
----------------------------------------------------------------------
WARNING:Security:42 - Your software subscription period has lapsed. Your current version of Xilinx tools will continue to function, but you no longer qualify for Xilinx software updates or new releases.


----------------------------------------------------------------------
This is a Full version of ISim.
# run 1000 ns
Simulator is doing circuit initialization process.
at 0 ps, Instance /tb_dspnormalizer/ : Warning: NUMERIC_STD.TO_INTEGER: metavalue detected, returning 0
at 0 ps, Instance /tb_dspnormalizer/LogicalShift/ : Warning: NUMERIC_STD.TO_INTEGER: metavalue detected, returning 0
Finished circuit initialization process.
at 95 ns(7): Note: Failed for result: 5: v_DSP48_Normalized_value = -0.0000310 (/tb_dspnormalizer/).
ISim P.20131013 (signature 0x7708f090)
----------------------------------------------------------------------
WARNING:Security:42 - Your software subscription period has lapsed. Your current version of Xilinx tools will continue to function, but you no longer qualify for Xilinx software updates or new releases.


----------------------------------------------------------------------
This is a Full version of ISim.
# run 1000 ns
Simulator is doing circuit initialization process.
at 0 ps, Instance /tb_dspnormalizer/ : Warning: NUMERIC_STD.TO_INTEGER: metavalue detected, returning 0
at 0 ps, Instance /tb_dspnormalizer/LogicalShift/ : Warning: NUMERIC_STD.TO_INTEGER: metavalue detected, returning 0
Finished circuit initialization process.
at 95 ns(7): Note: Failed for result: 5: Normalized_value = -0.0000310 and Precalulated_value = -0.0864260 (/tb_dspnormalizer/).
ISim P.20131013 (signature 0x7708f090)
----------------------------------------------------------------------
WARNING:Security:42 - Your software subscription period has lapsed. Your current version of Xilinx tools will continue to function, but you no longer qualify for Xilinx software updates or new releases.


----------------------------------------------------------------------
This is a Full version of ISim.
# run 1000 ns
Simulator is doing circuit initialization process.
at 0 ps, Instance /tb_dspnormalizer/ : Warning: NUMERIC_STD.TO_INTEGER: metavalue detected, returning 0
at 0 ps, Instance /tb_dspnormalizer/LogicalShift/ : Warning: NUMERIC_STD.TO_INTEGER: metavalue detected, returning 0
Finished circuit initialization process.
at 95 ns(7): Note: Failed for result: 5: Normalized_value = -0.0000310 and Precalulated_value = -0.0864260 (/tb_dspnormalizer/).
ISim P.20131013 (signature 0x7708f090)
----------------------------------------------------------------------
WARNING:Security:42 - Your software subscription period has lapsed. Your current version of Xilinx tools will continue to function, but you no longer qualify for Xilinx software updates or new releases.


----------------------------------------------------------------------
This is a Full version of ISim.
# run 1000 ns
Simulator is doing circuit initialization process.
at 0 ps, Instance /tb_dspnormalizer/ : Warning: NUMERIC_STD.TO_INTEGER: metavalue detected, returning 0
at 0 ps, Instance /tb_dspnormalizer/LogicalShift/ : Warning: NUMERIC_STD.TO_INTEGER: metavalue detected, returning 0
Finished circuit initialization process.
at 95 ns(7): Note: Failed for result: 5: Normalized_value = -0.0000310 and Precalulated_value = -0.0864260 (/tb_dspnormalizer/).
ISim P.20131013 (signature 0x7708f090)
----------------------------------------------------------------------
WARNING:Security:42 - Your software subscription period has lapsed. Your current version of Xilinx tools will continue to function, but you no longer qualify for Xilinx software updates or new releases.


----------------------------------------------------------------------
This is a Full version of ISim.
# run 1000 ns
Simulator is doing circuit initialization process.
at 0 ps, Instance /tb_dspnormalizer/ : Warning: NUMERIC_STD.TO_INTEGER: metavalue detected, returning 0
at 0 ps, Instance /tb_dspnormalizer/LogicalShift/ : Warning: NUMERIC_STD.TO_INTEGER: metavalue detected, returning 0
Finished circuit initialization process.
at 95 ns(7): Note: Failed for result: 5: Normalized_value = -0.0000310 and Pre-calulated_value = -0.0864260 (/tb_dspnormalizer/).
ISim P.20131013 (signature 0x7708f090)
----------------------------------------------------------------------
WARNING:Security:42 - Your software subscription period has lapsed. Your current version of Xilinx tools will continue to function, but you no longer qualify for Xilinx software updates or new releases.


----------------------------------------------------------------------
This is a Full version of ISim.
# run 1000 ns
Simulator is doing circuit initialization process.
at 0 ps, Instance /tb_dspnormalizer/ : Warning: NUMERIC_STD.TO_INTEGER: metavalue detected, returning 0
at 0 ps, Instance /tb_dspnormalizer/LogicalShift/ : Warning: NUMERIC_STD.TO_INTEGER: metavalue detected, returning 0
Finished circuit initialization process.
at 95 ns(7): Note: Failed for result: 5: Normalized_value = -0.0000310 and Pre-calulated_value = -1.6728210 (/tb_dspnormalizer/).
ISim P.20131013 (signature 0x7708f090)
----------------------------------------------------------------------
WARNING:Security:42 - Your software subscription period has lapsed. Your current version of Xilinx tools will continue to function, but you no longer qualify for Xilinx software updates or new releases.


----------------------------------------------------------------------
This is a Full version of ISim.
# run 1000 ns
Simulator is doing circuit initialization process.
at 0 ps, Instance /tb_dspnormalizer/ : Warning: NUMERIC_STD.TO_INTEGER: metavalue detected, returning 0
at 0 ps, Instance /tb_dspnormalizer/LogicalShift/ : Warning: NUMERIC_STD.TO_INTEGER: metavalue detected, returning 0
Finished circuit initialization process.
at 95 ns(7): Note: Failed for result: 5: Normalized_value = -0.0000310 and Pre-calulated_value = -0.2220150 (/tb_dspnormalizer/).
ISim P.20131013 (signature 0x7708f090)
----------------------------------------------------------------------
WARNING:Security:42 - Your software subscription period has lapsed. Your current version of Xilinx tools will continue to function, but you no longer qualify for Xilinx software updates or new releases.


----------------------------------------------------------------------
This is a Full version of ISim.
# run 1000 ns
Simulator is doing circuit initialization process.
at 0 ps, Instance /tb_dspnormalizer/ : Warning: NUMERIC_STD.TO_INTEGER: metavalue detected, returning 0
at 0 ps, Instance /tb_dspnormalizer/LogicalShift/ : Warning: NUMERIC_STD.TO_INTEGER: metavalue detected, returning 0
Finished circuit initialization process.
at 145 ns(7): Note: Failed for result: 10: Normalized_value = -0.0000310 and Pre-calulated_value = 0.22934000 (/tb_dspnormalizer/).
ISim P.20131013 (signature 0x7708f090)
----------------------------------------------------------------------
WARNING:Security:42 - Your software subscription period has lapsed. Your current version of Xilinx tools will continue to function, but you no longer qualify for Xilinx software updates or new releases.


----------------------------------------------------------------------
This is a Full version of ISim.
# run 1000 ns
Simulator is doing circuit initialization process.
at 0 ps, Instance /tb_dspnormalizer/ : Warning: NUMERIC_STD.TO_INTEGER: metavalue detected, returning 0
at 0 ps, Instance /tb_dspnormalizer/LogicalShift/ : Warning: NUMERIC_STD.TO_INTEGER: metavalue detected, returning 0
Finished circuit initialization process.
at 145 ns(7): Note: Failed for result: 10: Normalized_value = -0.0000310 and Pre-calulated_value = 0.22934000 (/tb_dspnormalizer/).
ISim P.20131013 (signature 0x7708f090)
----------------------------------------------------------------------
WARNING:Security:42 - Your software subscription period has lapsed. Your current version of Xilinx tools will continue to function, but you no longer qualify for Xilinx software updates or new releases.


----------------------------------------------------------------------
This is a Full version of ISim.
# run 1000 ns
Simulator is doing circuit initialization process.
at 0 ps, Instance /tb_dspnormalizer/ : Warning: NUMERIC_STD.TO_INTEGER: metavalue detected, returning 0
at 0 ps, Instance /tb_dspnormalizer/LogicalShift/ : Warning: NUMERIC_STD.TO_INTEGER: metavalue detected, returning 0
Finished circuit initialization process.
at 75 ns(7): Note: Failed for result: 3: Normalized_value = 0.18663000 and Pre-calulated_value = -0.0633700 (/tb_dspnormalizer/).
at 105 ns(7): Note: Failed for result: 6: Normalized_value = -0.8587720 and Pre-calulated_value = -0.1087720 (/tb_dspnormalizer/).
at 115 ns(7): Note: Failed for result: 7: Normalized_value = -0.6000140 and Pre-calulated_value = -0.1000140 (/tb_dspnormalizer/).
at 135 ns(7): Note: Failed for result: 9: Normalized_value = -0.1690520 and Pre-calulated_value = 0.08094800 (/tb_dspnormalizer/).
at 145 ns(7): Note: Failed for result: 10: Normalized_value = -0.0000080 and Pre-calulated_value = -0.0206380 (/tb_dspnormalizer/).
ISim P.20131013 (signature 0x7708f090)
----------------------------------------------------------------------
WARNING:Security:42 - Your software subscription period has lapsed. Your current version of Xilinx tools will continue to function, but you no longer qualify for Xilinx software updates or new releases.


----------------------------------------------------------------------
This is a Full version of ISim.
# run 1000 ns
Simulator is doing circuit initialization process.
at 0 ps, Instance /tb_dspnormalizer/ : Warning: NUMERIC_STD.TO_INTEGER: metavalue detected, returning 0
at 0 ps, Instance /tb_dspnormalizer/LogicalShift/ : Warning: NUMERIC_STD.TO_INTEGER: metavalue detected, returning 0
Finished circuit initialization process.
at 55 ns(7): Note: Failed for result: 1: Normalized_value = 0.44027700 and Pre-calulated_value = -0.0597230 (/tb_dspnormalizer/).
at 85 ns(7): Note: Failed for result: 4: Normalized_value = -0.2357250 and Pre-calulated_value = 0.01427500 (/tb_dspnormalizer/).
at 95 ns(7): Note: Failed for result: 5: Normalized_value = -0.4523240 and Pre-calulated_value = 0.04767600 (/tb_dspnormalizer/).
at 105 ns(7): Note: Failed for result: 6: Normalized_value = 0.97567700 and Pre-calulated_value = -0.0243230 (/tb_dspnormalizer/).
at 115 ns(7): Note: Failed for result: 7: Normalized_value = 0.44524400 and Pre-calulated_value = -0.0547560 (/tb_dspnormalizer/).
at 125 ns(7): Note: Failed for result: 8: Normalized_value = 0.39877300 and Pre-calulated_value = -0.1012270 (/tb_dspnormalizer/).
at 135 ns(7): Note: Failed for result: 9: Normalized_value = -0.1984710 and Pre-calulated_value = 0.05152900 (/tb_dspnormalizer/).
at 145 ns(7): Note: Failed for result: 10: Normalized_value = -0.0000230 and Pre-calulated_value = -0.1178740 (/tb_dspnormalizer/).
at 155 ns(7): Note: Failed for result: 11: Normalized_value = -0.0000080 and Pre-calulated_value = -170141110 (/tb_dspnormalizer/).
