INFO:sim:172 - Generating IP...
Applying current project options...
Finished applying current project options.
Resolving generics for 'BRAM18x1k'...
WARNING:sim - A core named 'BRAM18x1k' already exists in the project. Output
   products for this core may be overwritten.
Applying external generics to 'BRAM18x1k'...
Delivering associated files for 'BRAM18x1k'...
Delivering EJava files for 'BRAM18x1k'...
Generating implementation netlist for 'BRAM18x1k'...
INFO:sim - Pre-processing HDL files for 'BRAM18x1k'...
Running synthesis for 'BRAM18x1k'
Running ngcbuild...
Writing VEO instantiation template for 'BRAM18x1k'...
Writing Verilog behavioral simulation model for 'BRAM18x1k'...
WARNING:sim - No files were found for the view xilinx_documentation
Generating ASY schematic symbol...
INFO:sim:949 - Finished generation of ASY schematic symbol.
Generating SYM schematic symbol for 'BRAM18x1k'...
Generating metadata file...
Regenerating ISE project file for 'BRAM18x1k'...
Generating ISE project...
XCO file found: BRAM18x1k.xco
XMDF file found: BRAM18x1k_xmdf.tcl
Adding
C:/FPGA/Internship_Jobs/Codes/Virtex6_MUL_IP_CORE2/pcores/matrix_mul_ip_core_s_i
nt_g_v1_00_a/hdl/ipcores/tmp/_cg/BRAM18x1k.asy -view all -origin_type imported
Adding
C:/FPGA/Internship_Jobs/Codes/Virtex6_MUL_IP_CORE2/pcores/matrix_mul_ip_core_s_i
nt_g_v1_00_a/hdl/ipcores/tmp/_cg/BRAM18x1k.ngc -view all -origin_type created
Checking file
"C:/FPGA/Internship_Jobs/Codes/Virtex6_MUL_IP_CORE2/pcores/matrix_mul_ip_core_s_
int_g_v1_00_a/hdl/ipcores/tmp/_cg/BRAM18x1k.ngc" for project device match ...
File
"C:/FPGA/Internship_Jobs/Codes/Virtex6_MUL_IP_CORE2/pcores/matrix_mul_ip_core_s_
int_g_v1_00_a/hdl/ipcores/tmp/_cg/BRAM18x1k.ngc" device information matches
project device.
Adding
C:/FPGA/Internship_Jobs/Codes/Virtex6_MUL_IP_CORE2/pcores/matrix_mul_ip_core_s_i
nt_g_v1_00_a/hdl/ipcores/tmp/_cg/BRAM18x1k.sym -view all -origin_type imported
Adding
C:/FPGA/Internship_Jobs/Codes/Virtex6_MUL_IP_CORE2/pcores/matrix_mul_ip_core_s_i
nt_g_v1_00_a/hdl/ipcores/tmp/_cg/BRAM18x1k.v -view all -origin_type created
INFO:HDLCompiler:1845 - Analyzing Verilog file
   "C:/FPGA/Internship_Jobs/Codes/Virtex6_MUL_IP_CORE2/pcores/matrix_mul_ip_core
   _s_int_g_v1_00_a/hdl/ipcores/tmp/_cg/BRAM18x1k.v" into library work
INFO:ProjectMgmt - Parsing design hierarchy completed successfully.
Adding
C:/FPGA/Internship_Jobs/Codes/Virtex6_MUL_IP_CORE2/pcores/matrix_mul_ip_core_s_i
nt_g_v1_00_a/hdl/ipcores/tmp/_cg/BRAM18x1k.veo -view all -origin_type imported
INFO:TclTasksC:2116 - The automatic calculation of top has been turned-off.
   Please set the new top explicitly by running the "project set top" command.
   To re-calculate the new top automatically, set the "Auto Implementation Top"
   property to true.
Top level has been set to "/BRAM18x1k"
Generating README file...
Generating FLIST file...
INFO:sim:948 - Finished FLIST file generation.
Moving files to output directory...
Finished moving files to output directory
Wrote CGP file for project 'BRAM18x1k'.
